This is pdfTeX, Version 3.141592653-2.6-1.40.25 (TeX Live 2023) (preloaded format=pdflatex 2023.4.25)  14 AUG 2023 01:10
entering extended mode
 \write18 enabled.
 file:line:error style messages enabled.
 %&-line parsing enabled.
**thesis.tex
(./thesis.tex
LaTeX2e <2022-11-01> patch level 1
L3 programming layer <2023-02-22> (./UoKthesis.cls
Document Class: UoKthesis 08/10/2020 version 0.2 University of Kent PhD and Mas
ter Thesis
(/usr/local/texlive/2023/texmf-dist/tex/latex/base/report.cls
Document Class: report 2022/07/02 v1.4n Standard LaTeX document class
(/usr/local/texlive/2023/texmf-dist/tex/latex/base/size12.clo
File: size12.clo 2022/07/02 v1.4n Standard LaTeX file (size option)
)
\c@part=\count185
\c@chapter=\count186
\c@section=\count187
\c@subsection=\count188
\c@subsubsection=\count189
\c@paragraph=\count190
\c@subparagraph=\count191
\c@figure=\count192
\c@table=\count193
\abovecaptionskip=\skip48
\belowcaptionskip=\skip49
\bibindent=\dimen140
)
(/usr/local/texlive/2023/texmf-dist/tex/latex/natbib/natbib.sty
Package: natbib 2010/09/13 8.31b (PWD, AO)
\bibhang=\skip50
\bibsep=\skip51
LaTeX Info: Redefining \cite on input line 694.
\c@NAT@ctr=\count194
)
(/usr/local/texlive/2023/texmf-dist/tex/latex/draftwatermark/draftwatermark.sty
Package: draftwatermark 2020/12/08 3.0 Put a gray textual watermark on document
 pages
(/usr/local/texlive/2023/texmf-dist/tex/latex/kvoptions/kvoptions.sty
Package: kvoptions 2022-06-15 v3.15 Key value format for package options (HO)

(/usr/local/texlive/2023/texmf-dist/tex/latex/graphics/keyval.sty
Package: keyval 2022/05/29 v1.15 key=value parser (DPC)
\KV@toks@=\toks16
)
(/usr/local/texlive/2023/texmf-dist/tex/generic/ltxcmds/ltxcmds.sty
Package: ltxcmds 2020-05-10 v1.25 LaTeX kernel commands for general use (HO)
)
(/usr/local/texlive/2023/texmf-dist/tex/latex/kvsetkeys/kvsetkeys.sty
Package: kvsetkeys 2022-10-05 v1.19 Key value parser (HO)
))
(/usr/local/texlive/2023/texmf-dist/tex/latex/graphics/graphicx.sty
Package: graphicx 2021/09/16 v1.2d Enhanced LaTeX Graphics (DPC,SPQR)

(/usr/local/texlive/2023/texmf-dist/tex/latex/graphics/graphics.sty
Package: graphics 2022/03/10 v1.4e Standard LaTeX Graphics (DPC,SPQR)

(/usr/local/texlive/2023/texmf-dist/tex/latex/graphics/trig.sty
Package: trig 2021/08/11 v1.11 sin cos tan (DPC)
)
(/usr/local/texlive/2023/texmf-dist/tex/latex/graphics-cfg/graphics.cfg
File: graphics.cfg 2016/06/04 v1.11 sample graphics configuration
)
Package graphics Info: Driver file: pdftex.def on input line 107.

(/usr/local/texlive/2023/texmf-dist/tex/latex/graphics-def/pdftex.def
File: pdftex.def 2022/09/22 v1.2b Graphics/color driver for pdftex
))
\Gin@req@height=\dimen141
\Gin@req@width=\dimen142
)
(/usr/local/texlive/2023/texmf-dist/tex/latex/graphics/color.sty
Package: color 2022/01/06 v1.3d Standard LaTeX Color (DPC)

(/usr/local/texlive/2023/texmf-dist/tex/latex/graphics-cfg/color.cfg
File: color.cfg 2016/01/02 v1.6 sample color configuration
)
Package color Info: Driver file: pdftex.def on input line 149.

(/usr/local/texlive/2023/texmf-dist/tex/latex/graphics/mathcolor.ltx)))
(/usr/local/texlive/2023/texmf-dist/tex/latex/lm/lmodern.sty
Package: lmodern 2015/05/01 v1.6.1 Latin Modern Fonts
LaTeX Font Info:    Overwriting symbol font `operators' in version `normal'
(Font)                  OT1/cmr/m/n --> OT1/lmr/m/n on input line 22.
LaTeX Font Info:    Overwriting symbol font `letters' in version `normal'
(Font)                  OML/cmm/m/it --> OML/lmm/m/it on input line 23.
LaTeX Font Info:    Overwriting symbol font `symbols' in version `normal'
(Font)                  OMS/cmsy/m/n --> OMS/lmsy/m/n on input line 24.
LaTeX Font Info:    Overwriting symbol font `largesymbols' in version `normal'
(Font)                  OMX/cmex/m/n --> OMX/lmex/m/n on input line 25.
LaTeX Font Info:    Overwriting symbol font `operators' in version `bold'
(Font)                  OT1/cmr/bx/n --> OT1/lmr/bx/n on input line 26.
LaTeX Font Info:    Overwriting symbol font `letters' in version `bold'
(Font)                  OML/cmm/b/it --> OML/lmm/b/it on input line 27.
LaTeX Font Info:    Overwriting symbol font `symbols' in version `bold'
(Font)                  OMS/cmsy/b/n --> OMS/lmsy/b/n on input line 28.
LaTeX Font Info:    Overwriting symbol font `largesymbols' in version `bold'
(Font)                  OMX/cmex/m/n --> OMX/lmex/m/n on input line 29.
LaTeX Font Info:    Overwriting math alphabet `\mathbf' in version `normal'
(Font)                  OT1/cmr/bx/n --> OT1/lmr/bx/n on input line 31.
LaTeX Font Info:    Overwriting math alphabet `\mathsf' in version `normal'
(Font)                  OT1/cmss/m/n --> OT1/lmss/m/n on input line 32.
LaTeX Font Info:    Overwriting math alphabet `\mathit' in version `normal'
(Font)                  OT1/cmr/m/it --> OT1/lmr/m/it on input line 33.
LaTeX Font Info:    Overwriting math alphabet `\mathtt' in version `normal'
(Font)                  OT1/cmtt/m/n --> OT1/lmtt/m/n on input line 34.
LaTeX Font Info:    Overwriting math alphabet `\mathbf' in version `bold'
(Font)                  OT1/cmr/bx/n --> OT1/lmr/bx/n on input line 35.
LaTeX Font Info:    Overwriting math alphabet `\mathsf' in version `bold'
(Font)                  OT1/cmss/bx/n --> OT1/lmss/bx/n on input line 36.
LaTeX Font Info:    Overwriting math alphabet `\mathit' in version `bold'
(Font)                  OT1/cmr/bx/it --> OT1/lmr/bx/it on input line 37.
LaTeX Font Info:    Overwriting math alphabet `\mathtt' in version `bold'
(Font)                  OT1/cmtt/m/n --> OT1/lmtt/m/n on input line 38.
)
(/usr/local/texlive/2023/texmf-dist/tex/latex/setspace/setspace.sty
Package: setspace 2022/12/04 v6.7b set line spacing
)
(/usr/local/texlive/2023/texmf-dist/tex/latex/hyperref/hyperref.sty
Package: hyperref 2023-02-07 v7.00v Hypertext links for LaTeX

(/usr/local/texlive/2023/texmf-dist/tex/generic/iftex/iftex.sty
Package: iftex 2022/02/03 v1.0f TeX engine tests
)
(/usr/local/texlive/2023/texmf-dist/tex/generic/pdftexcmds/pdftexcmds.sty
Package: pdftexcmds 2020-06-27 v0.33 Utility functions of pdfTeX for LuaTeX (HO
)

(/usr/local/texlive/2023/texmf-dist/tex/generic/infwarerr/infwarerr.sty
Package: infwarerr 2019/12/03 v1.5 Providing info/warning/error messages (HO)
)
Package pdftexcmds Info: \pdf@primitive is available.
Package pdftexcmds Info: \pdf@ifprimitive is available.
Package pdftexcmds Info: \pdfdraftmode found.
)
(/usr/local/texlive/2023/texmf-dist/tex/generic/kvdefinekeys/kvdefinekeys.sty
Package: kvdefinekeys 2019-12-19 v1.6 Define keys (HO)
)
(/usr/local/texlive/2023/texmf-dist/tex/generic/pdfescape/pdfescape.sty
Package: pdfescape 2019/12/09 v1.15 Implements pdfTeX's escape features (HO)
)
(/usr/local/texlive/2023/texmf-dist/tex/latex/hycolor/hycolor.sty
Package: hycolor 2020-01-27 v1.10 Color options for hyperref/bookmark (HO)
)
(/usr/local/texlive/2023/texmf-dist/tex/latex/letltxmacro/letltxmacro.sty
Package: letltxmacro 2019/12/03 v1.6 Let assignment for LaTeX macros (HO)
)
(/usr/local/texlive/2023/texmf-dist/tex/latex/auxhook/auxhook.sty
Package: auxhook 2019-12-17 v1.6 Hooks for auxiliary files (HO)
)
(/usr/local/texlive/2023/texmf-dist/tex/latex/hyperref/nameref.sty
Package: nameref 2022-05-17 v2.50 Cross-referencing by name of section

(/usr/local/texlive/2023/texmf-dist/tex/latex/refcount/refcount.sty
Package: refcount 2019/12/15 v3.6 Data extraction from label references (HO)
)
(/usr/local/texlive/2023/texmf-dist/tex/generic/gettitlestring/gettitlestring.s
ty
Package: gettitlestring 2019/12/15 v1.6 Cleanup title references (HO)
)
\c@section@level=\count195
)
\@linkdim=\dimen143
\Hy@linkcounter=\count196
\Hy@pagecounter=\count197
 (/usr/local/texlive/2023/texmf-dist/tex/latex/hyperref/pd1enc.def
File: pd1enc.def 2023-02-07 v7.00v Hyperref: PDFDocEncoding definition (HO)
Now handling font encoding PD1 ...
... no UTF-8 mapping file for font encoding PD1
)
(/usr/local/texlive/2023/texmf-dist/tex/generic/intcalc/intcalc.sty
Package: intcalc 2019/12/15 v1.3 Expandable calculations with integers (HO)
)
(/usr/local/texlive/2023/texmf-dist/tex/generic/etexcmds/etexcmds.sty
Package: etexcmds 2019/12/15 v1.7 Avoid name clashes with e-TeX commands (HO)
)
\Hy@SavedSpaceFactor=\count198

(/usr/local/texlive/2023/texmf-dist/tex/latex/hyperref/puenc.def
File: puenc.def 2023-02-07 v7.00v Hyperref: PDF Unicode definition (HO)
Now handling font encoding PU ...
... no UTF-8 mapping file for font encoding PU
)
Package hyperref Info: Hyper figures OFF on input line 4177.
Package hyperref Info: Link nesting OFF on input line 4182.
Package hyperref Info: Hyper index ON on input line 4185.
Package hyperref Info: Plain pages OFF on input line 4192.
Package hyperref Info: Backreferencing OFF on input line 4197.
Package hyperref Info: Implicit mode ON; LaTeX internals redefined.
Package hyperref Info: Bookmarks ON on input line 4425.
\c@Hy@tempcnt=\count199

(/usr/local/texlive/2023/texmf-dist/tex/latex/url/url.sty
\Urlmuskip=\muskip16
Package: url 2013/09/16  ver 3.4  Verb mode for urls, etc.
)
LaTeX Info: Redefining \url on input line 4763.
\XeTeXLinkMargin=\dimen144

(/usr/local/texlive/2023/texmf-dist/tex/generic/bitset/bitset.sty
Package: bitset 2019/12/09 v1.3 Handle bit-vector datatype (HO)

(/usr/local/texlive/2023/texmf-dist/tex/generic/bigintcalc/bigintcalc.sty
Package: bigintcalc 2019/12/15 v1.5 Expandable calculations on big integers (HO
)
))
\Fld@menulength=\count266
\Field@Width=\dimen145
\Fld@charsize=\dimen146
Package hyperref Info: Hyper figures OFF on input line 6042.
Package hyperref Info: Link nesting OFF on input line 6047.
Package hyperref Info: Hyper index ON on input line 6050.
Package hyperref Info: backreferencing OFF on input line 6057.
Package hyperref Info: Link coloring OFF on input line 6062.
Package hyperref Info: Link coloring with OCG OFF on input line 6067.
Package hyperref Info: PDF/A mode OFF on input line 6072.

(/usr/local/texlive/2023/texmf-dist/tex/latex/base/atbegshi-ltx.sty
Package: atbegshi-ltx 2021/01/10 v1.0c Emulation of the original atbegshi
package with kernel methods
)
\Hy@abspage=\count267
\c@Item=\count268
\c@Hfootnote=\count269
)
Package hyperref Info: Driver (autodetected): hpdftex.

(/usr/local/texlive/2023/texmf-dist/tex/latex/hyperref/hpdftex.def
File: hpdftex.def 2023-02-07 v7.00v Hyperref driver for pdfTeX

(/usr/local/texlive/2023/texmf-dist/tex/latex/base/atveryend-ltx.sty
Package: atveryend-ltx 2020/08/19 v1.0a Emulation of the original atveryend pac
kage
with kernel methods
)
\Fld@listcount=\count270
\c@bookmark@seq@number=\count271

(/usr/local/texlive/2023/texmf-dist/tex/latex/rerunfilecheck/rerunfilecheck.sty
Package: rerunfilecheck 2022-07-10 v1.10 Rerun checks for auxiliary files (HO)

(/usr/local/texlive/2023/texmf-dist/tex/generic/uniquecounter/uniquecounter.sty
Package: uniquecounter 2019/12/15 v1.4 Provide unlimited unique counter (HO)
)
Package uniquecounter Info: New unique counter `rerunfilecheck' on input line 2
85.
)
\Hy@SectionHShift=\skip52
)) (./UoKextentions.sty
(/usr/local/texlive/2023/texmf-dist/tex/latex/xcolor/xcolor.sty
Package: xcolor 2022/06/12 v2.14 LaTeX color extensions (UK)

(/usr/local/texlive/2023/texmf-dist/tex/latex/graphics-cfg/color.cfg
File: color.cfg 2016/01/02 v1.6 sample color configuration
)
Package xcolor Info: Package option `usenames' ignored on input line 218.
Package xcolor Info: Driver file: pdftex.def on input line 227.
LaTeX Info: Redefining \color on input line 711.

(/usr/local/texlive/2023/texmf-dist/tex/latex/graphics/mathcolor.ltx)
Package xcolor Info: Model `cmy' substituted by `cmy0' on input line 1353.
Package xcolor Info: Model `hsb' substituted by `rgb' on input line 1357.
Package xcolor Info: Model `RGB' extended on input line 1369.
Package xcolor Info: Model `HTML' substituted by `rgb' on input line 1371.
Package xcolor Info: Model `Hsb' substituted by `hsb' on input line 1372.
Package xcolor Info: Model `tHsb' substituted by `hsb' on input line 1373.
Package xcolor Info: Model `HSB' substituted by `hsb' on input line 1374.
Package xcolor Info: Model `Gray' substituted by `gray' on input line 1375.
Package xcolor Info: Model `wave' substituted by `hsb' on input line 1376.
))
(/usr/local/texlive/2023/texmf-dist/tex/latex/lipsum/lipsum.sty
(/usr/local/texlive/2023/texmf-dist/tex/latex/l3packages/l3keys2e/l3keys2e.sty
(/usr/local/texlive/2023/texmf-dist/tex/latex/l3kernel/expl3.sty
Package: expl3 2023-02-22 L3 programming layer (loader) 

(/usr/local/texlive/2023/texmf-dist/tex/latex/l3backend/l3backend-pdftex.def
File: l3backend-pdftex.def 2023-01-16 L3 backend support: PDF output (pdfTeX)
\l__color_backend_stack_int=\count272
\l__pdf_internal_box=\box51
))
Package: l3keys2e 2023-02-02 LaTeX2e option processing using LaTeX3 keys
)
Package: lipsum 2021-09-20 v2.7 150 paragraphs of Lorem Ipsum dummy text
\g__lipsum_par_int=\count273
\l__lipsum_a_int=\count274
\l__lipsum_b_int=\count275
(/usr/local/texlive/2023/texmf-dist/tex/latex/lipsum/lipsum.ltd.tex))
(/usr/local/texlive/2023/texmf-dist/tex/latex/comment/comment.sty
\CommentStream=\write3

Excluding comment 'comment')
(/usr/local/texlive/2023/texmf-dist/tex/latex/dashrule/dashrule.sty
Package: dashrule 2013/03/28 v1.3 Dashed rules

(/usr/local/texlive/2023/texmf-dist/tex/latex/ifmtarg/ifmtarg.sty
Package: ifmtarg 2018/04/16 v1.2b check for an empty argument
)
\c@hdr@segments=\count276
)
(/usr/local/texlive/2023/texmf-dist/tex/latex/mathpartir/mathpartir.sty
Package: mathpartir 2016/02/24 version 1.3.2 Math Paragraph for Typesetting Inf
erence Rules
\mpr@andskip=\skip53
\mpr@lista=\toks17
\mpr@listb=\toks18
\mpr@hlist=\box52
\mpr@vlist=\box53
\mpr@right=\box54
)
(/usr/local/texlive/2023/texmf-dist/tex/latex/amsmath/amsmath.sty
Package: amsmath 2022/04/08 v2.17n AMS math features
\@mathmargin=\skip54

For additional information on amsmath, use the `?' option.
(/usr/local/texlive/2023/texmf-dist/tex/latex/amsmath/amstext.sty
Package: amstext 2021/08/26 v2.01 AMS text

(/usr/local/texlive/2023/texmf-dist/tex/latex/amsmath/amsgen.sty
File: amsgen.sty 1999/11/30 v2.0 generic functions
\@emptytoks=\toks19
\ex@=\dimen147
))
(/usr/local/texlive/2023/texmf-dist/tex/latex/amsmath/amsbsy.sty
Package: amsbsy 1999/11/29 v1.2d Bold Symbols
\pmbraise@=\dimen148
)
(/usr/local/texlive/2023/texmf-dist/tex/latex/amsmath/amsopn.sty
Package: amsopn 2022/04/08 v2.04 operator names
)
\inf@bad=\count277
LaTeX Info: Redefining \frac on input line 234.
\uproot@=\count278
\leftroot@=\count279
LaTeX Info: Redefining \overline on input line 399.
LaTeX Info: Redefining \colon on input line 410.
\classnum@=\count280
\DOTSCASE@=\count281
LaTeX Info: Redefining \ldots on input line 496.
LaTeX Info: Redefining \dots on input line 499.
LaTeX Info: Redefining \cdots on input line 620.
\Mathstrutbox@=\box55
\strutbox@=\box56
LaTeX Info: Redefining \big on input line 722.
LaTeX Info: Redefining \Big on input line 723.
LaTeX Info: Redefining \bigg on input line 724.
LaTeX Info: Redefining \Bigg on input line 725.
\big@size=\dimen149
LaTeX Font Info:    Redeclaring font encoding OML on input line 743.
LaTeX Font Info:    Redeclaring font encoding OMS on input line 744.
\macc@depth=\count282
LaTeX Info: Redefining \bmod on input line 905.
LaTeX Info: Redefining \pmod on input line 910.
LaTeX Info: Redefining \smash on input line 940.
LaTeX Info: Redefining \relbar on input line 970.
LaTeX Info: Redefining \Relbar on input line 971.
\c@MaxMatrixCols=\count283
\dotsspace@=\muskip17
\c@parentequation=\count284
\dspbrk@lvl=\count285
\tag@help=\toks20
\row@=\count286
\column@=\count287
\maxfields@=\count288
\andhelp@=\toks21
\eqnshift@=\dimen150
\alignsep@=\dimen151
\tagshift@=\dimen152
\tagwidth@=\dimen153
\totwidth@=\dimen154
\lineht@=\dimen155
\@envbody=\toks22
\multlinegap=\skip55
\multlinetaggap=\skip56
\mathdisplay@stack=\toks23
LaTeX Info: Redefining \[ on input line 2953.
LaTeX Info: Redefining \] on input line 2954.
)
(/usr/local/texlive/2023/texmf-dist/tex/latex/amsfonts/amsfonts.sty
Package: amsfonts 2013/01/14 v3.01 Basic AMSFonts support
\symAMSa=\mathgroup4
\symAMSb=\mathgroup5
LaTeX Font Info:    Redeclaring math symbol \hbar on input line 98.
LaTeX Font Info:    Overwriting math alphabet `\mathfrak' in version `bold'
(Font)                  U/euf/m/n --> U/euf/b/n on input line 106.
)
(/usr/local/texlive/2023/texmf-dist/tex/latex/amsfonts/amssymb.sty
Package: amssymb 2013/01/14 v3.01 AMS font symbols
)
(/usr/local/texlive/2023/texmf-dist/tex/latex/amscls/amsthm.sty
Package: amsthm 2020/05/29 v2.20.6
\thm@style=\toks24
\thm@bodyfont=\toks25
\thm@headfont=\toks26
\thm@notefont=\toks27
\thm@headpunct=\toks28
\thm@preskip=\skip57
\thm@postskip=\skip58
\thm@headsep=\skip59
\dth@everypar=\toks29
)
(/usr/local/texlive/2023/texmf-dist/tex/latex/pgf/frontendlayer/tikz.sty
(/usr/local/texlive/2023/texmf-dist/tex/latex/pgf/basiclayer/pgf.sty
(/usr/local/texlive/2023/texmf-dist/tex/latex/pgf/utilities/pgfrcs.sty
(/usr/local/texlive/2023/texmf-dist/tex/generic/pgf/utilities/pgfutil-common.te
x
\pgfutil@everybye=\toks30
\pgfutil@tempdima=\dimen156
\pgfutil@tempdimb=\dimen157
)
(/usr/local/texlive/2023/texmf-dist/tex/generic/pgf/utilities/pgfutil-latex.def
\pgfutil@abb=\box57
) (/usr/local/texlive/2023/texmf-dist/tex/generic/pgf/utilities/pgfrcs.code.tex
(/usr/local/texlive/2023/texmf-dist/tex/generic/pgf/pgf.revision.tex)
Package: pgfrcs 2023-01-15 v3.1.10 (3.1.10)
))
Package: pgf 2023-01-15 v3.1.10 (3.1.10)

(/usr/local/texlive/2023/texmf-dist/tex/latex/pgf/basiclayer/pgfcore.sty
(/usr/local/texlive/2023/texmf-dist/tex/latex/pgf/systemlayer/pgfsys.sty
(/usr/local/texlive/2023/texmf-dist/tex/generic/pgf/systemlayer/pgfsys.code.tex
Package: pgfsys 2023-01-15 v3.1.10 (3.1.10)
(/usr/local/texlive/2023/texmf-dist/tex/generic/pgf/utilities/pgfkeys.code.tex
\pgfkeys@pathtoks=\toks31
\pgfkeys@temptoks=\toks32

(/usr/local/texlive/2023/texmf-dist/tex/generic/pgf/utilities/pgfkeyslibraryfil
tered.code.tex
\pgfkeys@tmptoks=\toks33
))
\pgf@x=\dimen158
\pgf@y=\dimen159
\pgf@xa=\dimen160
\pgf@ya=\dimen161
\pgf@xb=\dimen162
\pgf@yb=\dimen163
\pgf@xc=\dimen164
\pgf@yc=\dimen165
\pgf@xd=\dimen166
\pgf@yd=\dimen167
\w@pgf@writea=\write4
\r@pgf@reada=\read2
\c@pgf@counta=\count289
\c@pgf@countb=\count290
\c@pgf@countc=\count291
\c@pgf@countd=\count292
\t@pgf@toka=\toks34
\t@pgf@tokb=\toks35
\t@pgf@tokc=\toks36
\pgf@sys@id@count=\count293

(/usr/local/texlive/2023/texmf-dist/tex/generic/pgf/systemlayer/pgf.cfg
File: pgf.cfg 2023-01-15 v3.1.10 (3.1.10)
)
Driver file for pgf: pgfsys-pdftex.def

(/usr/local/texlive/2023/texmf-dist/tex/generic/pgf/systemlayer/pgfsys-pdftex.d
ef
File: pgfsys-pdftex.def 2023-01-15 v3.1.10 (3.1.10)

(/usr/local/texlive/2023/texmf-dist/tex/generic/pgf/systemlayer/pgfsys-common-p
df.def
File: pgfsys-common-pdf.def 2023-01-15 v3.1.10 (3.1.10)
)))
(/usr/local/texlive/2023/texmf-dist/tex/generic/pgf/systemlayer/pgfsyssoftpath.
code.tex
File: pgfsyssoftpath.code.tex 2023-01-15 v3.1.10 (3.1.10)
\pgfsyssoftpath@smallbuffer@items=\count294
\pgfsyssoftpath@bigbuffer@items=\count295
)
(/usr/local/texlive/2023/texmf-dist/tex/generic/pgf/systemlayer/pgfsysprotocol.
code.tex
File: pgfsysprotocol.code.tex 2023-01-15 v3.1.10 (3.1.10)
))
(/usr/local/texlive/2023/texmf-dist/tex/generic/pgf/basiclayer/pgfcore.code.tex
Package: pgfcore 2023-01-15 v3.1.10 (3.1.10)
(/usr/local/texlive/2023/texmf-dist/tex/generic/pgf/math/pgfmath.code.tex
(/usr/local/texlive/2023/texmf-dist/tex/generic/pgf/math/pgfmathutil.code.tex)
(/usr/local/texlive/2023/texmf-dist/tex/generic/pgf/math/pgfmathparser.code.tex
\pgfmath@dimen=\dimen168
\pgfmath@count=\count296
\pgfmath@box=\box58
\pgfmath@toks=\toks37
\pgfmath@stack@operand=\toks38
\pgfmath@stack@operation=\toks39
)
(/usr/local/texlive/2023/texmf-dist/tex/generic/pgf/math/pgfmathfunctions.code.
tex)
(/usr/local/texlive/2023/texmf-dist/tex/generic/pgf/math/pgfmathfunctions.basic
.code.tex)
(/usr/local/texlive/2023/texmf-dist/tex/generic/pgf/math/pgfmathfunctions.trigo
nometric.code.tex)
(/usr/local/texlive/2023/texmf-dist/tex/generic/pgf/math/pgfmathfunctions.rando
m.code.tex)
(/usr/local/texlive/2023/texmf-dist/tex/generic/pgf/math/pgfmathfunctions.compa
rison.code.tex)
(/usr/local/texlive/2023/texmf-dist/tex/generic/pgf/math/pgfmathfunctions.base.
code.tex)
(/usr/local/texlive/2023/texmf-dist/tex/generic/pgf/math/pgfmathfunctions.round
.code.tex)
(/usr/local/texlive/2023/texmf-dist/tex/generic/pgf/math/pgfmathfunctions.misc.
code.tex)
(/usr/local/texlive/2023/texmf-dist/tex/generic/pgf/math/pgfmathfunctions.integ
erarithmetics.code.tex)
(/usr/local/texlive/2023/texmf-dist/tex/generic/pgf/math/pgfmathcalc.code.tex)
(/usr/local/texlive/2023/texmf-dist/tex/generic/pgf/math/pgfmathfloat.code.tex
\c@pgfmathroundto@lastzeros=\count297
)) (/usr/local/texlive/2023/texmf-dist/tex/generic/pgf/math/pgfint.code.tex)
(/usr/local/texlive/2023/texmf-dist/tex/generic/pgf/basiclayer/pgfcorepoints.co
de.tex
File: pgfcorepoints.code.tex 2023-01-15 v3.1.10 (3.1.10)
\pgf@picminx=\dimen169
\pgf@picmaxx=\dimen170
\pgf@picminy=\dimen171
\pgf@picmaxy=\dimen172
\pgf@pathminx=\dimen173
\pgf@pathmaxx=\dimen174
\pgf@pathminy=\dimen175
\pgf@pathmaxy=\dimen176
\pgf@xx=\dimen177
\pgf@xy=\dimen178
\pgf@yx=\dimen179
\pgf@yy=\dimen180
\pgf@zx=\dimen181
\pgf@zy=\dimen182
)
(/usr/local/texlive/2023/texmf-dist/tex/generic/pgf/basiclayer/pgfcorepathconst
ruct.code.tex
File: pgfcorepathconstruct.code.tex 2023-01-15 v3.1.10 (3.1.10)
\pgf@path@lastx=\dimen183
\pgf@path@lasty=\dimen184
)
(/usr/local/texlive/2023/texmf-dist/tex/generic/pgf/basiclayer/pgfcorepathusage
.code.tex
File: pgfcorepathusage.code.tex 2023-01-15 v3.1.10 (3.1.10)
\pgf@shorten@end@additional=\dimen185
\pgf@shorten@start@additional=\dimen186
)
(/usr/local/texlive/2023/texmf-dist/tex/generic/pgf/basiclayer/pgfcorescopes.co
de.tex
File: pgfcorescopes.code.tex 2023-01-15 v3.1.10 (3.1.10)
\pgfpic=\box59
\pgf@hbox=\box60
\pgf@layerbox@main=\box61
\pgf@picture@serial@count=\count298
)
(/usr/local/texlive/2023/texmf-dist/tex/generic/pgf/basiclayer/pgfcoregraphicst
ate.code.tex
File: pgfcoregraphicstate.code.tex 2023-01-15 v3.1.10 (3.1.10)
\pgflinewidth=\dimen187
)
(/usr/local/texlive/2023/texmf-dist/tex/generic/pgf/basiclayer/pgfcoretransform
ations.code.tex
File: pgfcoretransformations.code.tex 2023-01-15 v3.1.10 (3.1.10)
\pgf@pt@x=\dimen188
\pgf@pt@y=\dimen189
\pgf@pt@temp=\dimen190
)
(/usr/local/texlive/2023/texmf-dist/tex/generic/pgf/basiclayer/pgfcorequick.cod
e.tex
File: pgfcorequick.code.tex 2023-01-15 v3.1.10 (3.1.10)
)
(/usr/local/texlive/2023/texmf-dist/tex/generic/pgf/basiclayer/pgfcoreobjects.c
ode.tex
File: pgfcoreobjects.code.tex 2023-01-15 v3.1.10 (3.1.10)
)
(/usr/local/texlive/2023/texmf-dist/tex/generic/pgf/basiclayer/pgfcorepathproce
ssing.code.tex
File: pgfcorepathprocessing.code.tex 2023-01-15 v3.1.10 (3.1.10)
)
(/usr/local/texlive/2023/texmf-dist/tex/generic/pgf/basiclayer/pgfcorearrows.co
de.tex
File: pgfcorearrows.code.tex 2023-01-15 v3.1.10 (3.1.10)
\pgfarrowsep=\dimen191
)
(/usr/local/texlive/2023/texmf-dist/tex/generic/pgf/basiclayer/pgfcoreshade.cod
e.tex
File: pgfcoreshade.code.tex 2023-01-15 v3.1.10 (3.1.10)
\pgf@max=\dimen192
\pgf@sys@shading@range@num=\count299
\pgf@shadingcount=\count300
)
(/usr/local/texlive/2023/texmf-dist/tex/generic/pgf/basiclayer/pgfcoreimage.cod
e.tex
File: pgfcoreimage.code.tex 2023-01-15 v3.1.10 (3.1.10)
)
(/usr/local/texlive/2023/texmf-dist/tex/generic/pgf/basiclayer/pgfcoreexternal.
code.tex
File: pgfcoreexternal.code.tex 2023-01-15 v3.1.10 (3.1.10)
\pgfexternal@startupbox=\box62
)
(/usr/local/texlive/2023/texmf-dist/tex/generic/pgf/basiclayer/pgfcorelayers.co
de.tex
File: pgfcorelayers.code.tex 2023-01-15 v3.1.10 (3.1.10)
)
(/usr/local/texlive/2023/texmf-dist/tex/generic/pgf/basiclayer/pgfcoretranspare
ncy.code.tex
File: pgfcoretransparency.code.tex 2023-01-15 v3.1.10 (3.1.10)
)
(/usr/local/texlive/2023/texmf-dist/tex/generic/pgf/basiclayer/pgfcorepatterns.
code.tex
File: pgfcorepatterns.code.tex 2023-01-15 v3.1.10 (3.1.10)
)
(/usr/local/texlive/2023/texmf-dist/tex/generic/pgf/basiclayer/pgfcorerdf.code.
tex
File: pgfcorerdf.code.tex 2023-01-15 v3.1.10 (3.1.10)
)))
(/usr/local/texlive/2023/texmf-dist/tex/generic/pgf/modules/pgfmoduleshapes.cod
e.tex
File: pgfmoduleshapes.code.tex 2023-01-15 v3.1.10 (3.1.10)
\pgfnodeparttextbox=\box63
)
(/usr/local/texlive/2023/texmf-dist/tex/generic/pgf/modules/pgfmoduleplot.code.
tex
File: pgfmoduleplot.code.tex 2023-01-15 v3.1.10 (3.1.10)
)
(/usr/local/texlive/2023/texmf-dist/tex/latex/pgf/compatibility/pgfcomp-version
-0-65.sty
Package: pgfcomp-version-0-65 2023-01-15 v3.1.10 (3.1.10)
\pgf@nodesepstart=\dimen193
\pgf@nodesepend=\dimen194
)
(/usr/local/texlive/2023/texmf-dist/tex/latex/pgf/compatibility/pgfcomp-version
-1-18.sty
Package: pgfcomp-version-1-18 2023-01-15 v3.1.10 (3.1.10)
))
(/usr/local/texlive/2023/texmf-dist/tex/latex/pgf/utilities/pgffor.sty
(/usr/local/texlive/2023/texmf-dist/tex/latex/pgf/utilities/pgfkeys.sty
(/usr/local/texlive/2023/texmf-dist/tex/generic/pgf/utilities/pgfkeys.code.tex)
) (/usr/local/texlive/2023/texmf-dist/tex/latex/pgf/math/pgfmath.sty
(/usr/local/texlive/2023/texmf-dist/tex/generic/pgf/math/pgfmath.code.tex))
(/usr/local/texlive/2023/texmf-dist/tex/generic/pgf/utilities/pgffor.code.tex
Package: pgffor 2023-01-15 v3.1.10 (3.1.10)
\pgffor@iter=\dimen195
\pgffor@skip=\dimen196
\pgffor@stack=\toks40
\pgffor@toks=\toks41
))
(/usr/local/texlive/2023/texmf-dist/tex/generic/pgf/frontendlayer/tikz/tikz.cod
e.tex
Package: tikz 2023-01-15 v3.1.10 (3.1.10)

(/usr/local/texlive/2023/texmf-dist/tex/generic/pgf/libraries/pgflibraryplothan
dlers.code.tex
File: pgflibraryplothandlers.code.tex 2023-01-15 v3.1.10 (3.1.10)
\pgf@plot@mark@count=\count301
\pgfplotmarksize=\dimen197
)
\tikz@lastx=\dimen198
\tikz@lasty=\dimen199
\tikz@lastxsaved=\dimen256
\tikz@lastysaved=\dimen257
\tikz@lastmovetox=\dimen258
\tikz@lastmovetoy=\dimen259
\tikzleveldistance=\dimen260
\tikzsiblingdistance=\dimen261
\tikz@figbox=\box64
\tikz@figbox@bg=\box65
\tikz@tempbox=\box66
\tikz@tempbox@bg=\box67
\tikztreelevel=\count302
\tikznumberofchildren=\count303
\tikznumberofcurrentchild=\count304
\tikz@fig@count=\count305

(/usr/local/texlive/2023/texmf-dist/tex/generic/pgf/modules/pgfmodulematrix.cod
e.tex
File: pgfmodulematrix.code.tex 2023-01-15 v3.1.10 (3.1.10)
\pgfmatrixcurrentrow=\count306
\pgfmatrixcurrentcolumn=\count307
\pgf@matrix@numberofcolumns=\count308
)
\tikz@expandcount=\count309

(/usr/local/texlive/2023/texmf-dist/tex/generic/pgf/frontendlayer/tikz/librarie
s/tikzlibrarytopaths.code.tex
File: tikzlibrarytopaths.code.tex 2023-01-15 v3.1.10 (3.1.10)
)))
(/usr/local/texlive/2023/texmf-dist/tex/latex/tikz-cd/tikz-cd.sty
Package: tikz-cd 2021/05/04 v1.0 Commutative diagrams with TikZ

(/usr/local/texlive/2023/texmf-dist/tex/generic/tikz-cd/tikzlibrarycd.code.tex
(/usr/local/texlive/2023/texmf-dist/tex/generic/pgf/frontendlayer/tikz/librarie
s/tikzlibrarymatrix.code.tex
File: tikzlibrarymatrix.code.tex 2023-01-15 v3.1.10 (3.1.10)
)
(/usr/local/texlive/2023/texmf-dist/tex/generic/pgf/frontendlayer/tikz/librarie
s/tikzlibraryquotes.code.tex
File: tikzlibraryquotes.code.tex 2023-01-15 v3.1.10 (3.1.10)
)
(/usr/local/texlive/2023/texmf-dist/tex/generic/pgf/libraries/pgflibraryarrows.
meta.code.tex
File: pgflibraryarrows.meta.code.tex 2023-01-15 v3.1.10 (3.1.10)
\pgfarrowinset=\dimen262
\pgfarrowlength=\dimen263
\pgfarrowwidth=\dimen264
\pgfarrowlinewidth=\dimen265
)))
(/usr/local/texlive/2023/texmf-dist/tex/latex/caption/caption.sty
Package: caption 2023/03/12 v3.6j Customizing captions (AR)

(/usr/local/texlive/2023/texmf-dist/tex/latex/caption/caption3.sty
Package: caption3 2023/03/12 v2.4 caption3 kernel (AR)
\caption@tempdima=\dimen266
\captionmargin=\dimen267
\caption@leftmargin=\dimen268
\caption@rightmargin=\dimen269
\caption@width=\dimen270
\caption@indent=\dimen271
\caption@parindent=\dimen272
\caption@hangindent=\dimen273
Package caption Info: Standard document class detected.
)
\c@caption@flags=\count310
\c@continuedfloat=\count311
Package caption Info: hyperref package is loaded.
)
(/usr/local/texlive/2023/texmf-dist/tex/generic/xypic/xypic.sty
(/usr/local/texlive/2023/texmf-dist/tex/generic/xypic/xy.sty
(/usr/local/texlive/2023/texmf-dist/tex/generic/xypic/xy.tex Bootstrap'ing:
catcodes, docmode,
(/usr/local/texlive/2023/texmf-dist/tex/generic/xypic/xyrecat.tex)
(/usr/local/texlive/2023/texmf-dist/tex/generic/xypic/xyidioms.tex)

 Xy-pic version 3.8.9 <2013/10/06>
 Copyright (c) 1991-2013 by Kristoffer H. Rose <krisrose@tug.org> and others
 Xy-pic is free software: see the User's Guide for details.

Loading kernel: messages; fonts; allocations: state,
\X@c=\dimen274
\Y@c=\dimen275
\U@c=\dimen276
\D@c=\dimen277
\L@c=\dimen278
\R@c=\dimen279
\Edge@c=\toks42
\X@p=\dimen280
\Y@p=\dimen281
\U@p=\dimen282
\D@p=\dimen283
\L@p=\dimen284
\R@p=\dimen285
\Edge@p=\toks43
\X@origin=\dimen286
\Y@origin=\dimen287
\X@xbase=\dimen288
\Y@xbase=\dimen289
\X@ybase=\dimen290
\Y@ybase=\dimen291
\X@min=\dimen292
\Y@min=\dimen293
\X@max=\dimen294
\Y@max=\dimen295
\lastobjectbox@=\box68
\zerodotbox@=\box69
\almostz@=\dimen296
 direction,
\d@X=\dimen297
\d@Y=\dimen298
\K@=\count312
\KK@=\count313
\Direction=\count314
\K@dXdY=\dimen299
\K@dYdX=\dimen300
\xyread@=\read3
\xywrite@=\write5
\csp@=\count315
\quotPTK@=\dimen301

utility macros; pictures: \xy, positions,
\swaptoks@@=\toks44
\connectobjectbox@@=\box70
 objects,
\styletoks@=\toks45
 decorations;
kernel objects: directionals, circles, text; options; algorithms: directions,
edges, connections;  Xy-pic loaded)
(/usr/local/texlive/2023/texmf-dist/tex/generic/iftex/ifpdf.sty
Package: ifpdf 2019/10/25 v3.4 ifpdf legacy package. Use iftex instead.
)

LaTeX Warning: You have requested package `xypic',
               but the package provides `xy'.

Package: xy 2013/10/06 Xy-pic version 3.8.9
(/usr/local/texlive/2023/texmf-dist/tex/generic/xypic/xypdf.tex
 Xy-pic option: PDF driver v.1.7 loaded))
(/usr/local/texlive/2023/texmf-dist/tex/generic/xypic/xyv2.tex
 Xy-pic option: Version 2 Compatibility v.3.8

Xy-pic Warning: `\stop' redefined.

(/usr/local/texlive/2023/texmf-dist/tex/generic/xypic/xyframe.tex
 Xy-pic option: Frame and Bracket extension v.3.14 loaded)
Xy-pic pdf driver: `frame' extension support
(/usr/local/texlive/2023/texmf-dist/tex/generic/xypic/xypdf-fr.tex
(/usr/local/texlive/2023/texmf-dist/tex/generic/xypic/xycurve.tex
 Xy-pic option: Curve and Spline extension v.3.12 curve,
\crv@cnt@=\count316
\crvpts@=\toks46
\splinebox@=\box71
\splineval@=\dimen302
\splinedepth@=\dimen303
\splinetol@=\dimen304
\splinelength@=\dimen305
 circles,
\L@=\dimen306
 loaded)
Xy-pic pdf driver: `curve' extension support
(/usr/local/texlive/2023/texmf-dist/tex/generic/xypic/xypdf-cu.tex loaded)
loaded) (/usr/local/texlive/2023/texmf-dist/tex/generic/xypic/xymatrix.tex
 Xy-pic option: Matrix feature v.3.14
\Row=\count317
\Col=\count318
\queue@=\toks47
\queue@@=\toks48
\qcount@=\count319
\qcount@@=\count320
\matrixsize@=\count321
 loaded)
(/usr/local/texlive/2023/texmf-dist/tex/generic/xypic/xyarrow.tex
 Xy-pic option: Arrow and Path feature v.3.9 path, \ar, loaded) loaded))
(/usr/local/texlive/2023/texmf-dist/tex/latex/enumitem/enumitem.sty
Package: enumitem 2019/06/20 v3.9 Customized lists
\labelindent=\skip60
\enit@outerparindent=\dimen307
\enit@toks=\toks49
\enit@inbox=\box72
\enit@count@id=\count322
\enitdp@description=\count323
)
(/usr/local/texlive/2023/texmf-dist/tex/latex/float/float.sty
Package: float 2001/11/08 v1.3d Float enhancements (AL)
\c@float@type=\count324
\float@exts=\toks50
\float@box=\box73
\@float@everytoks=\toks51
\@floatcapt=\box74
)
(/usr/local/texlive/2023/texmf-dist/tex/latex/booktabs/booktabs.sty
Package: booktabs 2020/01/12 v1.61803398 Publication quality tables
\heavyrulewidth=\dimen308
\lightrulewidth=\dimen309
\cmidrulewidth=\dimen310
\belowrulesep=\dimen311
\belowbottomsep=\dimen312
\aboverulesep=\dimen313
\abovetopsep=\dimen314
\cmidrulesep=\dimen315
\cmidrulekern=\dimen316
\defaultaddspace=\dimen317
\@cmidla=\count325
\@cmidlb=\count326
\@aboverulesep=\dimen318
\@belowrulesep=\dimen319
\@thisruleclass=\count327
\@lastruleclass=\count328
\@thisrulewidth=\dimen320
)
(/usr/local/texlive/2023/texmf-dist/tex/latex/multirow/multirow.sty
Package: multirow 2021/03/15 v2.8 Span multiple rows of a table
\multirow@colwidth=\skip61
\multirow@cntb=\count329
\multirow@dima=\skip62
\bigstrutjot=\dimen321
)
(/usr/local/texlive/2023/texmf-dist/tex/generic/pgf/frontendlayer/tikz/librarie
s/tikzlibraryautomata.code.tex
File: tikzlibraryautomata.code.tex 2023-01-15 v3.1.10 (3.1.10)

(/usr/local/texlive/2023/texmf-dist/tex/generic/pgf/frontendlayer/tikz/librarie
s/tikzlibraryshapes.multipart.code.tex
File: tikzlibraryshapes.multipart.code.tex 2023-01-15 v3.1.10 (3.1.10)

(/usr/local/texlive/2023/texmf-dist/tex/generic/pgf/libraries/shapes/pgflibrary
shapes.multipart.code.tex
File: pgflibraryshapes.multipart.code.tex 2023-01-15 v3.1.10 (3.1.10)
\pgfnodepartlowerbox=\box75
\pgfnodeparttwobox=\box76
\pgfnodepartthreebox=\box77
\pgfnodepartfourbox=\box78
\pgfnodeparttwentybox=\box79
\pgfnodepartnineteenbox=\box80
\pgfnodeparteighteenbox=\box81
\pgfnodepartseventeenbox=\box82
\pgfnodepartsixteenbox=\box83
\pgfnodepartfifteenbox=\box84
\pgfnodepartfourteenbox=\box85
\pgfnodepartthirteenbox=\box86
\pgfnodeparttwelvebox=\box87
\pgfnodepartelevenbox=\box88
\pgfnodeparttenbox=\box89
\pgfnodepartninebox=\box90
\pgfnodeparteightbox=\box91
\pgfnodepartsevenbox=\box92
\pgfnodepartsixbox=\box93
\pgfnodepartfivebox=\box94
)))
(/usr/local/texlive/2023/texmf-dist/tex/generic/pgf/frontendlayer/tikz/librarie
s/tikzlibrarypositioning.code.tex
File: tikzlibrarypositioning.code.tex 2023-01-15 v3.1.10 (3.1.10)
)
(/usr/local/texlive/2023/texmf-dist/tex/generic/pgf/frontendlayer/tikz/librarie
s/tikzlibraryarrows.code.tex
File: tikzlibraryarrows.code.tex 2023-01-15 v3.1.10 (3.1.10)

(/usr/local/texlive/2023/texmf-dist/tex/generic/pgf/libraries/pgflibraryarrows.
code.tex
File: pgflibraryarrows.code.tex 2023-01-15 v3.1.10 (3.1.10)
\arrowsize=\dimen322
)) (/usr/local/texlive/2023/texmf-dist/tex/latex/thmtools/thmtools.sty
Package: thmtools 2023/02/17 v0.75
\thmt@toks=\toks52
\c@thmt@dummyctr=\count330

(/usr/local/texlive/2023/texmf-dist/tex/latex/thmtools/thm-patch.sty
Package: thm-patch 2023/02/17 v0.75

(/usr/local/texlive/2023/texmf-dist/tex/latex/thmtools/parseargs.sty
Package: parseargs 2023/02/17 v0.75
\@parsespec=\toks53
))
(/usr/local/texlive/2023/texmf-dist/tex/latex/thmtools/thm-kv.sty
Package: thm-kv 2023/02/17 v0.75
Package thm-kv Info: Theorem names will be uppercased on input line 42.
Package thm-kv Info: kvsetkeys patch (v1.16 or later) on input line 158.
)
(/usr/local/texlive/2023/texmf-dist/tex/latex/thmtools/thm-autoref.sty
Package: thm-autoref 2023/02/17 v0.75

(/usr/local/texlive/2023/texmf-dist/tex/latex/thmtools/aliasctr.sty
Package: aliasctr 2023/02/17 v0.75
))
(/usr/local/texlive/2023/texmf-dist/tex/latex/thmtools/thm-listof.sty
Package: thm-listof 2023/02/17 v0.75
)
(/usr/local/texlive/2023/texmf-dist/tex/latex/thmtools/thm-restate.sty
Package: thm-restate 2023/02/17 v0.75
)
(/usr/local/texlive/2023/texmf-dist/tex/latex/thmtools/thm-amsthm.sty
Package: thm-amsthm 2023/02/17 v0.75
\thmt@style@headstyle=\toks54
))
\c@prop=\count331
\c@theorem=\count332
\c@proposition=\count333
\c@definition=\count334
\c@conjecture=\count335
\c@example=\count336
\c@remark=\count337
\c@question=\count338

(/usr/local/texlive/2023/texmf-dist/tex/latex/algorithm2e/algorithm2e.sty
Package: algorithm2e 2017/07/18 v5.2 algorithms environments
\c@AlgoLine=\count339

(/usr/local/texlive/2023/texmf-dist/tex/latex/base/ifthen.sty
Package: ifthen 2022/04/13 v1.1d Standard LaTeX ifthen package (DPC)
)
\algocf@hangindent=\skip63

(/usr/local/texlive/2023/texmf-dist/tex/latex/ifoddpage/ifoddpage.sty
Package: ifoddpage 2022/10/18 v1.2 Conditionals for odd/even page detection
\c@checkoddpage=\count340
)
(/usr/local/texlive/2023/texmf-dist/tex/latex/tools/xspace.sty
Package: xspace 2014/10/28 v1.13 Space after command names (DPC,MH)
)
(/usr/local/texlive/2023/texmf-dist/tex/latex/relsize/relsize.sty
Package: relsize 2013/03/29 ver 4.1
)
\skiptotal=\skip64
\skiplinenumber=\skip65
\skiprule=\skip66
\skiphlne=\skip67
\skiptext=\skip68
\skiplength=\skip69
\algomargin=\skip70
\skipalgocfslide=\skip71
\algowidth=\dimen323
\inoutsize=\dimen324
\inoutindent=\dimen325
\interspacetitleruled=\dimen326
\interspacealgoruled=\dimen327
\interspacetitleboxruled=\dimen328
\algocf@ruledwidth=\skip72
\algocf@inoutbox=\box95
\algocf@inputbox=\box96
\AlCapSkip=\skip73
\AlCapHSkip=\skip74
\algoskipindent=\skip75
\algocf@nlbox=\box97
\algocf@hangingbox=\box98
\algocf@untilbox=\box99
\algocf@skipuntil=\skip76
\algocf@capbox=\box100
\algocf@lcaptionbox=\skip77
\algoheightruledefault=\skip78
\algoheightrule=\skip79
\algotitleheightruledefault=\skip80
\algotitleheightrule=\skip81
\c@algocfline=\count341
\c@algocfproc=\count342
\c@algocf=\count343
\algocf@algoframe=\box101
\algocf@algobox=\box102
)
(./granule-ott.tex
(/usr/local/texlive/2023/texmf-dist/tex/latex/stmaryrd/stmaryrd.sty
Package: stmaryrd 1994/03/03 St Mary's Road symbol package
\symstmry=\mathgroup6
LaTeX Font Info:    Overwriting symbol font `stmry' in version `bold'
(Font)                  U/stmry/m/n --> U/stmry/b/n on input line 89.
)
(/usr/local/texlive/2023/texmf-dist/tex/latex/mathtools/mathtools.sty
Package: mathtools 2022/06/29 v1.29 mathematical typesetting tools

(/usr/local/texlive/2023/texmf-dist/tex/latex/tools/calc.sty
Package: calc 2017/05/25 v4.3 Infix arithmetic (KKT,FJ)
\calc@Acount=\count344
\calc@Bcount=\count345
\calc@Adimen=\dimen329
\calc@Bdimen=\dimen330
\calc@Askip=\skip82
\calc@Bskip=\skip83
LaTeX Info: Redefining \setlength on input line 80.
LaTeX Info: Redefining \addtolength on input line 81.
\calc@Ccount=\count346
\calc@Cskip=\skip84
)
(/usr/local/texlive/2023/texmf-dist/tex/latex/mathtools/mhsetup.sty
Package: mhsetup 2021/03/18 v1.4 programming setup (MH)
)
\g_MT_multlinerow_int=\count347
\l_MT_multwidth_dim=\dimen331
\origjot=\skip85
\l_MT_shortvdotswithinadjustabove_dim=\dimen332
\l_MT_shortvdotswithinadjustbelow_dim=\dimen333
\l_MT_above_intertext_sep=\dimen334
\l_MT_below_intertext_sep=\dimen335
\l_MT_above_shortintertext_sep=\dimen336
\l_MT_below_shortintertext_sep=\dimen337
\xmathstrut@box=\box103
\xmathstrut@dim=\dimen338
)
(/usr/local/texlive/2023/texmf-dist/tex/latex/halloweenmath/halloweenmath.sty
Package: halloweenmath 2019/11/01 v0.11 (development)

(/usr/local/texlive/2023/texmf-dist/tex/latex/pict2e/pict2e.sty
Package: pict2e 2020/09/30 v0.4b Improved picture commands (HjG,RN,JT)

(/usr/local/texlive/2023/texmf-dist/tex/latex/pict2e/pict2e.cfg
File: pict2e.cfg 2016/02/05 v0.1u pict2e configuration for teTeX/TeXLive
)
Package pict2e Info: Driver file: pdftex.def on input line 112.
Package pict2e Info: Driver file for pict2e: p2e-pdftex.def on input line 114.

(/usr/local/texlive/2023/texmf-dist/tex/latex/pict2e/p2e-pdftex.def
File: p2e-pdftex.def 2016/02/05 v0.1u Driver-dependant file (RN,HjG,JT)
)
\pIIe@GRAPH=\toks55
\@arclen=\dimen339
\@arcrad=\dimen340
\pIIe@tempdima=\dimen341
\pIIe@tempdimb=\dimen342
\pIIe@tempdimc=\dimen343
\pIIe@tempdimd=\dimen344
\pIIe@tempdime=\dimen345
\pIIe@tempdimf=\dimen346
)
\@HwM@arrowfill@skip=\skip86
))
(./0_preamble/names.tex) (./0_preamble/preamble-ottput.tex
(/usr/local/texlive/2023/texmf-dist/tex/latex/listings/listings.sty
\lst@mode=\count348
\lst@gtempboxa=\box104
\lst@token=\toks56
\lst@length=\count349
\lst@currlwidth=\dimen347
\lst@column=\count350
\lst@pos=\count351
\lst@lostspace=\dimen348
\lst@width=\dimen349
\lst@newlines=\count352
\lst@lineno=\count353
\lst@maxwidth=\dimen350

(/usr/local/texlive/2023/texmf-dist/tex/latex/listings/lstmisc.sty
File: lstmisc.sty 2023/02/27 1.9 (Carsten Heinz)
\c@lstnumber=\count354
\lst@skipnumbers=\count355
\lst@framebox=\box105
)
(/usr/local/texlive/2023/texmf-dist/tex/latex/listings/listings.cfg
File: listings.cfg 2023/02/27 1.9 listings configuration
))
Package: listings 2023/02/27 1.9 (Carsten Heinz)

(/usr/local/texlive/2023/texmf-dist/tex/latex/tcolorbox/tcolorbox.sty
Package: tcolorbox 2023/02/12 version 6.0.1 text color boxes

(/usr/local/texlive/2023/texmf-dist/tex/latex/tools/verbatim.sty
Package: verbatim 2022-07-02 v1.5u LaTeX2e package for verbatim enhancements
\every@verbatim=\toks57
\verbatim@line=\toks58
\verbatim@in@stream=\read4
)
(/usr/local/texlive/2023/texmf-dist/tex/latex/environ/environ.sty
Package: environ 2014/05/04 v0.3 A new way to define environments

(/usr/local/texlive/2023/texmf-dist/tex/latex/trimspaces/trimspaces.sty
Package: trimspaces 2009/09/17 v1.1 Trim spaces around a token list
))
(/usr/local/texlive/2023/texmf-dist/tex/latex/etoolbox/etoolbox.sty
Package: etoolbox 2020/10/05 v2.5k e-TeX tools for LaTeX (JAW)
\etb@tempcnta=\count356
)
\tcb@titlebox=\box106
\tcb@upperbox=\box107
\tcb@lowerbox=\box108
\tcb@phantombox=\box109
\c@tcbbreakpart=\count357
\c@tcblayer=\count358
\c@tcolorbox@number=\count359
\tcb@temp=\box110
\tcb@temp=\box111
\tcb@temp=\box112
\tcb@temp=\box113

(/usr/local/texlive/2023/texmf-dist/tex/latex/tcolorbox/tcbraster.code.tex
Library (tcolorbox): 'tcbraster.code.tex' version '6.0.1'
\c@tcbrastercolumn=\count360
\c@tcbrasterrow=\count361
\c@tcbrasternum=\count362
\c@tcbraster=\count363
) (/usr/local/texlive/2023/texmf-dist/tex/latex/tcolorbox/tcbskins.code.tex
Library (tcolorbox): 'tcbskins.code.tex' version '6.0.1'
(/usr/local/texlive/2023/texmf-dist/tex/latex/tikzfill/tikzfill.image.sty
Package: tikzfill.image 2022/07/20 v1.0.0 Image filling library for TikZ

(/usr/local/texlive/2023/texmf-dist/tex/latex/tikzfill/tikzfill-common.sty
Package: tikzfill-common 2022/07/20 v1.0.0 Auxiliary code for tikzfill
)
(/usr/local/texlive/2023/texmf-dist/tex/latex/tikzfill/tikzlibraryfill.image.co
de.tex
File: tikzlibraryfill.image.code.tex 2022/07/20 v1.0.0 Image filling library
\l__tikzfill_img_box=\box114
))
(/usr/local/texlive/2023/texmf-dist/tex/latex/tcolorbox/tcbskinsjigsaw.code.tex
Library (tcolorbox): 'tcbskinsjigsaw.code.tex' version '6.0.1'
))
(/usr/local/texlive/2023/texmf-dist/tex/latex/tcolorbox/tcbbreakable.code.tex
Library (tcolorbox): 'tcbbreakable.code.tex' version '6.0.1'
(/usr/local/texlive/2023/texmf-dist/tex/latex/pdfcol/pdfcol.sty
Package: pdfcol 2022-09-21 v1.7 Handle new color stacks for pdfTeX (HO)
)
Package pdfcol Info: New color stack `tcb@breakable' = 1 on input line 23.
\tcb@testbox=\box115
\tcb@totalupperbox=\box116
\tcb@totallowerbox=\box117
)
(/usr/local/texlive/2023/texmf-dist/tex/latex/tcolorbox/tcbhooks.code.tex
Library (tcolorbox): 'tcbhooks.code.tex' version '6.0.1'
) (/usr/local/texlive/2023/texmf-dist/tex/latex/tcolorbox/tcbtheorems.code.tex
Library (tcolorbox): 'tcbtheorems.code.tex' version '6.0.1'
) (/usr/local/texlive/2023/texmf-dist/tex/latex/tcolorbox/tcbfitting.code.tex
Library (tcolorbox): 'tcbfitting.code.tex' version '6.0.1'
\tcbfitdim=\dimen351
\tcb@lowerfitdim=\dimen352
\tcb@upperfitdim=\dimen353
\tcb@cur@hbadness=\count364
)
(/usr/local/texlive/2023/texmf-dist/tex/latex/tcolorbox/tcblistingsutf8.code.te
x
Library (tcolorbox): 'tcblistingsutf8.code.tex' version '6.0.1'
(/usr/local/texlive/2023/texmf-dist/tex/latex/tcolorbox/tcblistings.code.tex
Library (tcolorbox): 'tcblistings.code.tex' version '6.0.1'

(/usr/local/texlive/2023/texmf-dist/tex/latex/tcolorbox/tcblistingscore.code.te
x
Library (tcolorbox): 'tcblistingscore.code.tex' version '6.0.1'
(/usr/local/texlive/2023/texmf-dist/tex/latex/tcolorbox/tcbprocessing.code.tex
Library (tcolorbox): 'tcbprocessing.code.tex' version '6.0.1'
(/usr/local/texlive/2023/texmf-dist/tex/latex/tools/shellesc.sty
Package: shellesc 2019/11/08 v1.0c unified shell escape interface for LaTeX
Package shellesc Info: Unrestricted shell escape enabled on input line 75.
))
\c@tcblisting=\count365
))
(/usr/local/texlive/2023/texmf-dist/tex/latex/listingsutf8/listingsutf8.sty
Package: listingsutf8 2019-12-10 v1.5 Allow UTF-8 in listings input (HO)

(/usr/local/texlive/2023/texmf-dist/tex/generic/stringenc/stringenc.sty
Package: stringenc 2019/11/29 v1.12 Convert strings between diff. encodings (HO
)
)))
(/usr/local/texlive/2023/texmf-dist/tex/latex/tcolorbox/tcbexternal.code.tex
Library (tcolorbox): 'tcbexternal.code.tex' version '6.0.1'
) (/usr/local/texlive/2023/texmf-dist/tex/latex/tcolorbox/tcbmagazine.code.tex
Library (tcolorbox): 'tcbmagazine.code.tex' version '6.0.1'
) (/usr/local/texlive/2023/texmf-dist/tex/latex/tcolorbox/tcbvignette.code.tex
Library (tcolorbox): 'tcbvignette.code.tex' version '6.0.1'

(/usr/local/texlive/2023/texmf-dist/tex/generic/pgf/frontendlayer/tikz/librarie
s/tikzlibraryfadings.code.tex
File: tikzlibraryfadings.code.tex 2023-01-15 v3.1.10 (3.1.10)

(/usr/local/texlive/2023/texmf-dist/tex/generic/pgf/libraries/pgflibraryfadings
.code.tex
File: pgflibraryfadings.code.tex 2023-01-15 v3.1.10 (3.1.10)
)))
(/usr/local/texlive/2023/texmf-dist/tex/latex/tcolorbox/tcbposter.code.tex
Library (tcolorbox): 'tcbposter.code.tex' version '6.0.1'
))
\c@tcb@cnt@haskellp=\count366
\c@tcb@cnt@haskellf=\count367
\c@tcb@cnt@granulep=\count368
\c@tcb@cnt@granulepill=\count369
\c@tcb@cnt@idrisp=\count370
)
LaTeX Font Info:    Trying to load font information for OT1+lmr on input line 7
0.
 (/usr/local/texlive/2023/texmf-dist/tex/latex/lm/ot1lmr.fd
File: ot1lmr.fd 2015/05/01 v1.6.1 Font defs for Latin Modern
) (./thesis.aux

LaTeX Warning: Label `def:contextAdd' multiply defined.


LaTeX Warning: Label `fig:typing' multiply defined.


LaTeX Warning: Label `fig:typing' multiply defined.


LaTeX Warning: Label `def:scalar' multiply defined.


LaTeX Warning: Label `def:contextAdd' multiply defined.


LaTeX Warning: Label `lemma:substitution' multiply defined.


LaTeX Warning: Label `fig:focusingFSM' multiply defined.

)
\openout1 = `thesis.aux'.

LaTeX Font Info:    Checking defaults for OML/cmm/m/it on input line 70.
LaTeX Font Info:    ... okay on input line 70.
LaTeX Font Info:    Checking defaults for OMS/cmsy/m/n on input line 70.
LaTeX Font Info:    ... okay on input line 70.
LaTeX Font Info:    Checking defaults for OT1/cmr/m/n on input line 70.
LaTeX Font Info:    ... okay on input line 70.
LaTeX Font Info:    Checking defaults for T1/cmr/m/n on input line 70.
LaTeX Font Info:    ... okay on input line 70.
LaTeX Font Info:    Checking defaults for TS1/cmr/m/n on input line 70.
LaTeX Font Info:    ... okay on input line 70.
LaTeX Font Info:    Checking defaults for OMX/cmex/m/n on input line 70.
LaTeX Font Info:    ... okay on input line 70.
LaTeX Font Info:    Checking defaults for U/cmr/m/n on input line 70.
LaTeX Font Info:    ... okay on input line 70.
LaTeX Font Info:    Checking defaults for PD1/pdf/m/n on input line 70.
LaTeX Font Info:    ... okay on input line 70.
LaTeX Font Info:    Checking defaults for PU/pdf/m/n on input line 70.
LaTeX Font Info:    ... okay on input line 70.
 (/usr/local/texlive/2023/texmf-dist/tex/context/base/mkii/supp-pdf.mkii
[Loading MPS to PDF converter (version 2006.09.02).]
\scratchcounter=\count371
\scratchdimen=\dimen354
\scratchbox=\box118
\nofMPsegments=\count372
\nofMParguments=\count373
\everyMPshowfont=\toks59
\MPscratchCnt=\count374
\MPscratchDim=\dimen355
\MPnumerator=\count375
\makeMPintoPDFobject=\count376
\everyMPtoPDFconversion=\toks60
) (/usr/local/texlive/2023/texmf-dist/tex/latex/epstopdf-pkg/epstopdf-base.sty
Package: epstopdf-base 2020-01-24 v2.11 Base part for package epstopdf
Package epstopdf-base Info: Redefining graphics rule for `.eps' on input line 4
85.

(/usr/local/texlive/2023/texmf-dist/tex/latex/latexconfig/epstopdf-sys.cfg
File: epstopdf-sys.cfg 2010/07/13 v1.3 Configuration of (r)epstopdf for TeX Liv
e
))
Package hyperref Info: Link coloring OFF on input line 70.

(./thesis.out) (./thesis.out)
\@outlinefile=\write6
\openout6 = `thesis.out'.

Package caption Info: Begin \AtBeginDocument code.
Package caption Info: float package is loaded.
Package caption Info: listings package is loaded.
Package caption Info: End \AtBeginDocument code.
LaTeX Font Info:    Trying to load font information for OML+lmm on input line 7
0.

(/usr/local/texlive/2023/texmf-dist/tex/latex/lm/omllmm.fd
File: omllmm.fd 2015/05/01 v1.6.1 Font defs for Latin Modern
)
LaTeX Font Info:    Trying to load font information for OMS+lmsy on input line 
70.

(/usr/local/texlive/2023/texmf-dist/tex/latex/lm/omslmsy.fd
File: omslmsy.fd 2015/05/01 v1.6.1 Font defs for Latin Modern
)
LaTeX Font Info:    Trying to load font information for OMX+lmex on input line 
70.

(/usr/local/texlive/2023/texmf-dist/tex/latex/lm/omxlmex.fd
File: omxlmex.fd 2015/05/01 v1.6.1 Font defs for Latin Modern
)
LaTeX Font Info:    External font `lmex10' loaded for size
(Font)              <12> on input line 70.
LaTeX Font Info:    External font `lmex10' loaded for size
(Font)              <8> on input line 70.
LaTeX Font Info:    External font `lmex10' loaded for size
(Font)              <6> on input line 70.
LaTeX Font Info:    Trying to load font information for U+msa on input line 70.


(/usr/local/texlive/2023/texmf-dist/tex/latex/amsfonts/umsa.fd
File: umsa.fd 2013/01/14 v3.01 AMS symbols A
)
LaTeX Font Info:    Trying to load font information for U+msb on input line 70.


(/usr/local/texlive/2023/texmf-dist/tex/latex/amsfonts/umsb.fd
File: umsb.fd 2013/01/14 v3.01 AMS symbols B
)
LaTeX Font Info:    Trying to load font information for U+stmry on input line 7
0.

(/usr/local/texlive/2023/texmf-dist/tex/latex/stmaryrd/Ustmry.fd)
Package xypdf Info: Line width: 0.39998pt on input line 70.
\c@lstlisting=\count377

(/usr/local/texlive/2023/texmf-dist/tex/latex/base/inputenc.sty
Package: inputenc 2021/02/14 v1.3d Input encoding file
\inpenc@prehook=\toks61
\inpenc@posthook=\toks62
) [1

{/usr/local/texlive/2023/texmf-var/fonts/map/pdftex/updmap/pdftex.map}{/usr/loc
al/texlive/2023/texmf-dist/fonts/enc/dvips/lm/lm-rm.enc}{/usr/local/texlive/202
3/texmf-dist/fonts/enc/dvips/lm/lm-rmsc.enc}] [2

] [3

] (./thesis.toc [4


] [5])
\tf@toc=\write7
\openout7 = `thesis.toc'.

 [6]
(./thesis.lot)
\tf@lot=\write8
\openout8 = `thesis.lot'.

 [7

{/usr/local/texlive/2023/texmf-dist/fonts/enc/dvips/lm/lm-mathit.enc}] (./thesi
s.lof)
\tf@lof=\write9
\openout9 = `thesis.lof'.

 [8

{/usr/local/texlive/2023/texmf-dist/fonts/enc/dvips/lm/lm-mathsy.enc}] (./thesi
s.loa)
\tf@loa=\write10
\openout10 = `thesis.loa'.

 [9

]
Chapter 1.
(./1_introduction/intro-ottput.tex) [1

]
Chapter 2.
(./2_background/background-ottput.tex
LaTeX Font Info:    Trying to load font information for TS1+lmr on input line 2
5.

(/usr/local/texlive/2023/texmf-dist/tex/latex/lm/ts1lmr.fd
File: ts1lmr.fd 2015/05/01 v1.6.1 Font defs for Latin Modern
)
Overfull \hbox (40.8722pt too wide) in paragraph at lines 22--84
 [][] 
 []


Overfull \hbox (3.29152pt too wide) in paragraph at lines 88--95
\OT1/lmr/m/n/12 the ap-proach we will take to dis-cussing the rel-e-vant back-g
round ma-te-rial. Through-
 []

[2

] [3{/usr/local/texlive/2023/texmf-dist/fonts/enc/dvips/lm/lm-ts1.enc}]
[4] [5]

LaTeX Font Warning: Command \small invalid in math mode on input line 184.


LaTeX Font Warning: Command \small invalid in math mode on input line 184.


LaTeX Font Warning: Command \small invalid in math mode on input line 200.


LaTeX Font Warning: Command \small invalid in math mode on input line 200.

[6]
Package hyperref Info: bookmark level for unknown definition defaults to 0 on i
nput line 229.
LaTeX Font Info:    External font `lmex10' loaded for size
(Font)              <10.95> on input line 307.

Overfull \hbox (17.61304pt too wide) detected at line 307
[]
 []

[7{/usr/local/texlive/2023/texmf-dist/fonts/enc/dvips/lm/lm-mathex.enc}]
[8]
Package hyperref Info: bookmark level for unknown example defaults to 0 on inpu
t line 360.

Overfull \hbox (12.15448pt too wide) in paragraph at lines 361--367
[][]\OT1/lmr/bx/n/12 Example 2.1.1. []\OT1/lmr/m/n/12 The nat-u-ral num-ber sem
ir-ing with dis-crete or-der-ing $(\U/msb/m/n/12 N\OML/lmm/m/it/12 ; \OMS/lmsy/
m/n/12 ^^C\OML/lmm/m/it/12 ; \OT1/lmr/m/n/12 1\OML/lmm/m/it/12 ; \OT1/lmr/m/n/1
2 +\OML/lmm/m/it/12 ; \OT1/lmr/m/n/12 0\OML/lmm/m/it/12 ; \OMS/lmsy/m/n/12 ^^Q
 []


Package natbib Warning: Citation `DBLP:journals/pacmpl/OrchardLE19' on page 9 u
ndefined on input line 381.

Package hyperref Info: bookmark level for unknown lemma defaults to 0 on input 
line 392.

Package natbib Warning: Citation `petricek2014coeffects' on page 9 undefined on
 input line 401.


Package natbib Warning: Citation `McBride2016' on page 9 undefined on input lin
e 401.


Package natbib Warning: Citation `quantitative-type-theory' on page 9 undefined
 on input line 401.


Package natbib Warning: Citation `DBLP:journals/pacmpl/AbelB20' on page 9 undef
ined on input line 401.


Package natbib Warning: Citation `quantitative-type-theory' on page 9 undefined
 on input line 401.


Package natbib Warning: Citation `DBLP:conf/esop/MoonEO21' on page 9 undefined 
on input line 401.


Package natbib Warning: Citation `DBLP:journals/pacmpl/BernardyBNJS18' on page 
9 undefined on input line 403.

[9]

LaTeX Font Warning: Command \small invalid in math mode on input line 412.


LaTeX Font Warning: Command \small invalid in math mode on input line 412.


LaTeX Font Warning: Command \small invalid in math mode on input line 432.


LaTeX Font Warning: Command \small invalid in math mode on input line 432.

LaTeX Font Info:    Trying to load font information for OT1+lmss on input line 
452.
(/usr/local/texlive/2023/texmf-dist/tex/latex/lm/ot1lmss.fd
File: ot1lmss.fd 2015/05/01 v1.6.1 Font defs for Latin Modern
)
Overfull \hbox (75.37338pt too wide) detected at line 470
[]
 []

[10] [11]

LaTeX Warning: Reference `chapter:graded-base' on page 12 undefined on input li
ne 519.

) [12]
Chapter 3.
(./3_linear-base/linear-base-ottput.tex (./3_linear-base/intro-ottput.tex)
(./3_linear-base/calculus-ottput.tex

LaTeX Font Warning: Command \small invalid in math mode on input line 19.


LaTeX Font Warning: Command \small invalid in math mode on input line 19.

[13

] [14]

Package natbib Warning: Citation `DBLP:journals/pacmpl/OrchardLE19' on page 15 
undefined on input line 127.


Overfull \hbox (12.17982pt too wide) detected at line 142
[]
 []

[15]

Package natbib Warning: Citation `DBLP:journals/pacmpl/OrchardLE19' on page 16 
undefined on input line 150.

) (./3_linear-base/resource-management-ottput.tex

LaTeX Warning: Reference `chapter:introduction' on page 16 undefined on input l
ine 1.


Package natbib Warning: Citation `harlandpym' on page 16 undefined on input lin
e 4.


Package natbib Warning: Citation `CERVESATO2000133' on page 16 undefined on inp
ut line 4.


LaTeX Warning: Reference `chapter:introduction' on page 16 undefined on input l
ine 8.

[16]

Package natbib Warning: Citation `HODAS1994327' on page 17 undefined on input l
ine 25.


Package natbib Warning: Citation `CERVESATO2000133' on page 17 undefined on inp
ut line 26.


Package natbib Warning: Citation `DBLP:journals/pacmpl/OrchardLE19' on page 17 
undefined on input line 51.


Package natbib Warning: Citation `allais2018typing' on page 17 undefined on inp
ut line 53.


Package natbib Warning: Citation `zalakain2020pi' on page 17 undefined on input
 line 53.

[17]

Package natbib Warning: Citation `DBLP:journals/pacmpl/OrchardLE19' on page 18 
undefined on input line 65.


Package natbib Warning: Citation `DBLP:conf/icfp/GaboardiKOBU16' on page 18 und
efined on input line 65.


Package natbib Warning: Citation `DBLP:journals/pacmpl/AbelB20' on page 18 unde
fined on input line 65.


Package natbib Warning: Citation `DBLP:journals/pacmpl/OrchardLE19' on page 18 
undefined on input line 66.


Package natbib Warning: Citation `DBLP:conf/esop/GhicaS14' on page 18 undefined
 on input line 67.

[18]) (./3_linear-base/synthesis-ottput.tex

Package natbib Warning: Citation `HODAS1994327' on page 19 undefined on input l
ine 20.


Package natbib Warning: Citation `CERVESATO2000133' on page 19 undefined on inp
ut line 20.


LaTeX Warning: Reference `fig:sub-rules' on page 19 undefined on input line 27.



Overfull \hbox (19.64554pt too wide) detected at line 62
[]
 []

[19] [20] [21]

Package natbib Warning: Citation `HODAS1994327' on page 22 undefined on input l
ine 123.

[22]
Overfull \hbox (4.21408pt too wide) detected at line 199
[]
 []

[23] [24]
Overfull \hbox (2.16197pt too wide) detected at line 312
[]
 []

[25] [26] [27] [28] [29]

LaTeX Font Warning: Command \small invalid in math mode on input line 522.


LaTeX Font Warning: Command \small invalid in math mode on input line 522.


Overfull \hbox (7.18843pt too wide) detected at line 522
[]
 []


LaTeX Warning: Reference `sec:soundness-proofs' on page 30 undefined on input l
ine 544.

[30]

LaTeX Warning: Reference `sec:soundness-proofs' on page 31 undefined on input l
ine 590.

) (./3_linear-base/focusing-ottput.tex
Overfull \hbox (1.7421pt too wide) in paragraph at lines 35--36
 [][] 
 []

[31]

LaTeX Warning: `h' float specifier changed to `ht'.

) (./3_linear-base/evaluation-ottput.tex

Package natbib Warning: Citation `z3' on page 32 undefined on input line 37.


Package natbib Warning: Citation `logict' on page 32 undefined on input line 44
.


Package natbib Warning: Citation `clarke2017scrap' on page 32 undefined on inpu
t line 47.

[32]

Package natbib Warning: Citation `girard1987linear' on page 33 undefined on inp
ut line 61.


Package natbib Warning: Citation `liang2009focusing' on page 33 undefined on in
put line 61.


Package natbib Warning: Citation `hughes2020' on page 33 undefined on input lin
e 70.


Overfull \hbox (0.237pt too wide) detected at line 93
  [][] \OT1/lmr/m/n/12 : \U/msa/m/n/12 ^^C[]\OT1/lmr/m/n/12 (\OT1/lmr/m/it/12 A
 \OMS/lmsy/m/n/12 ! \OT1/lmr/m/it/12 B\OT1/lmr/m/n/12 ) \OMS/lmsy/m/n/12 ! \OT1
/lmr/m/n/12 ((((\OT1/lmr/m/it/12 A  \OMS/lmsy/m/n/12 
  \OT1/lmr/m/it/12 A\OT1/lmr/m/n/12 )  \OMS/lmsy/m/n/12 
  \OT1/lmr/m/it/12 A\OT1/lmr/m/n/12 )  \OMS/lmsy/m/n/12 
  \OT1/lmr/m/it/12 A\OT1/lmr/m/n/12 )  \OMS/lmsy/m/n/12 
  \OT1/lmr/m/it/12 A\OT1/lmr/m/n/12 ) \OMS/lmsy/m/n/12 ! \OT1/lmr/m/n/12 ((((\O
T1/lmr/m/it/12 B  \OMS/lmsy/m/n/12 
  \OT1/lmr/m/it/12 B\OT1/lmr/m/n/12 )  \OMS/lmsy/m/n/12 
  \OT1/lmr/m/it/12 B\OT1/lmr/m/n/12 )  \OMS/lmsy/m/n/12 
  \OT1/lmr/m/it/12 B\OT1/lmr/m/n/12 )  \OMS/lmsy/m/n/12 
  \OT1/lmr/m/it/12 B\OT1/lmr/m/n/12 )
 []

[33]
Overfull \hbox (0.91252pt too wide) in paragraph at lines 141--141
[][]| 
 []


Overfull \hbox (3.65002pt too wide) in paragraph at lines 141--142
[][]| 
 []


Overfull \hbox (3.65002pt too wide) in paragraph at lines 143--143
[][]| 
 []


Overfull \hbox (0.91252pt too wide) in paragraph at lines 144--144
[][]| 
 []


Overfull \hbox (3.65002pt too wide) in paragraph at lines 144--144
[][]| 
 []


Overfull \hbox (3.65002pt too wide) in paragraph at lines 144--144
[][]| 
 []


Overfull \hbox (0.91252pt too wide) in paragraph at lines 145--145
[][]| 
 []


Overfull \hbox (3.65002pt too wide) in paragraph at lines 145--146
[][]| 
 []


Overfull \hbox (3.65002pt too wide) in paragraph at lines 147--148
[][]| 
 []


Overfull \hbox (0.91252pt too wide) in paragraph at lines 153--153
[][]| 
 []


Overfull \hbox (3.65002pt too wide) in paragraph at lines 153--153
[][]| 
 []


Overfull \hbox (3.65002pt too wide) in paragraph at lines 153--153
[][]| 
 []


Overfull \hbox (0.91252pt too wide) in paragraph at lines 154--154
[][]| 
 []


Overfull \hbox (3.65002pt too wide) in paragraph at lines 154--154
[][]| 
 []


Overfull \hbox (3.65002pt too wide) in paragraph at lines 158--159
[][]| 
 []


Overfull \hbox (0.91252pt too wide) in paragraph at lines 168--168
[][]| 
 []


Overfull \hbox (3.65002pt too wide) in paragraph at lines 168--168
[][]| 
 []


Overfull \hbox (3.0417pt too wide) in paragraph at lines 168--168
[][]$\OMS/lmsy/m/n/10.95 ^^B$[]| 
 []


Overfull \hbox (0.91252pt too wide) in paragraph at lines 169--169
[][]| 
 []


Overfull \hbox (3.65002pt too wide) in paragraph at lines 169--169
[][]| 
 []


Overfull \hbox (3.0417pt too wide) in paragraph at lines 169--169
[][]$\OMS/lmsy/m/n/10.95 ^^B$[]| 
 []


Overfull \hbox (0.91252pt too wide) in paragraph at lines 170--170
[][]| 
 []


Overfull \hbox (3.65002pt too wide) in paragraph at lines 170--170
[][]| 
 []


Overfull \hbox (3.0417pt too wide) in paragraph at lines 170--170
[][]$\OMS/lmsy/m/n/10.95 ^^B$[]| 
 []


Overfull \hbox (0.91252pt too wide) in paragraph at lines 171--171
[][]| 
 []


Overfull \hbox (3.65002pt too wide) in paragraph at lines 171--171
[][]| 
 []


Overfull \hbox (3.0417pt too wide) in paragraph at lines 171--171
[][]$\OMS/lmsy/m/n/10.95 ^^B$[]| 
 []


Overfull \hbox (0.91252pt too wide) in paragraph at lines 172--172
[][]| 
 []


Overfull \hbox (3.65002pt too wide) in paragraph at lines 172--172
[][]| 
 []


Overfull \hbox (3.0417pt too wide) in paragraph at lines 172--172
[][]$\OMS/lmsy/m/n/10.95 ^^B$[]| 
 []


Overfull \hbox (0.91252pt too wide) in paragraph at lines 173--173
[][]| 
 []


Overfull \hbox (3.65002pt too wide) in paragraph at lines 173--173
[][]| 
 []


Overfull \hbox (3.65002pt too wide) in paragraph at lines 173--173
[][]| 
 []


Overfull \hbox (0.91252pt too wide) in paragraph at lines 176--176
[][]| 
 []


Overfull \hbox (3.65002pt too wide) in paragraph at lines 176--176
[][]| 
 []


Overfull \hbox (3.65002pt too wide) in paragraph at lines 176--176
[][]| 
 []


Overfull \hbox (0.91252pt too wide) in paragraph at lines 177--177
[][]| 
 []


Overfull \hbox (3.0417pt too wide) in paragraph at lines 177--177
[][]$\OMS/lmsy/m/n/10.95 ^^B$[]| 
 []


Overfull \hbox (3.0417pt too wide) in paragraph at lines 177--177
[][]$\OMS/lmsy/m/n/10.95 ^^B$[]| 
 []


Overfull \hbox (0.91252pt too wide) in paragraph at lines 178--178
[][]| 
 []


Overfull \hbox (3.0417pt too wide) in paragraph at lines 178--178
[][]$\OMS/lmsy/m/n/10.95 ^^B$[]| 
 []


Overfull \hbox (3.0417pt too wide) in paragraph at lines 178--178
[][]$\OMS/lmsy/m/n/10.95 ^^B$[]| 
 []


Overfull \hbox (0.91252pt too wide) in paragraph at lines 179--179
[][]| 
 []


Overfull \hbox (3.65002pt too wide) in paragraph at lines 179--179
[][]| 
 []


Overfull \hbox (3.65002pt too wide) in paragraph at lines 179--179
[][]| 
 []


Overfull \hbox (0.91252pt too wide) in paragraph at lines 180--180
[][]| 
 []


Overfull \hbox (3.65002pt too wide) in paragraph at lines 180--180
[][]| 
 []


Overfull \hbox (3.0417pt too wide) in paragraph at lines 180--180
[][]$\OMS/lmsy/m/n/10.95 ^^B$[]| 
 []


Overfull \hbox (0.91252pt too wide) in paragraph at lines 181--181
[][]| 
 []


Overfull \hbox (3.65002pt too wide) in paragraph at lines 181--181
[][]| 
 []


Overfull \hbox (3.0417pt too wide) in paragraph at lines 181--181
[][]$\OMS/lmsy/m/n/10.95 ^^B$[]| 
 []


Overfull \hbox (0.91252pt too wide) in paragraph at lines 182--182
[][]| 
 []


Overfull \hbox (3.65002pt too wide) in paragraph at lines 182--182
[][]| 
 []


Overfull \hbox (3.65002pt too wide) in paragraph at lines 182--182
[][]| 
 []


Overfull \hbox (0.91252pt too wide) in paragraph at lines 183--183
[][]| 
 []


Overfull \hbox (3.65002pt too wide) in paragraph at lines 183--183
[][]| 
 []


Overfull \hbox (3.0417pt too wide) in paragraph at lines 183--183
[][]$\OMS/lmsy/m/n/10.95 ^^B$[]| 
 []


Overfull \hbox (0.91252pt too wide) in paragraph at lines 184--184
[][]| 
 []


Overfull \hbox (3.65002pt too wide) in paragraph at lines 184--184
[][]| 
 []


Overfull \hbox (3.0417pt too wide) in paragraph at lines 184--184
[][]$\OMS/lmsy/m/n/10.95 ^^B$[]| 
 []


Overfull \hbox (0.91252pt too wide) in paragraph at lines 187--187
[][]| 
 []


Overfull \hbox (3.65002pt too wide) in paragraph at lines 187--187
[][]| 
 []


Overfull \hbox (3.65002pt too wide) in paragraph at lines 187--187
[][]| 
 []


Overfull \hbox (0.91252pt too wide) in paragraph at lines 188--188
[][]| 
 []


Overfull \hbox (3.65002pt too wide) in paragraph at lines 188--188
[][]| 
 []


Overfull \hbox (3.65002pt too wide) in paragraph at lines 188--188
[][]| 
 []


Overfull \hbox (0.91252pt too wide) in paragraph at lines 189--189
[][]| 
 []


Overfull \hbox (3.65002pt too wide) in paragraph at lines 189--189
[][]| 
 []


Overfull \hbox (3.65002pt too wide) in paragraph at lines 189--189
[][]| 
 []


Overfull \hbox (0.91252pt too wide) in paragraph at lines 190--190
[][]| 
 []


Overfull \hbox (3.65002pt too wide) in paragraph at lines 190--190
[][]| 
 []


Overfull \hbox (3.65002pt too wide) in paragraph at lines 190--190
[][]| 
 []


Overfull \hbox (0.91252pt too wide) in paragraph at lines 193--193
[][]| 
 []


Overfull \hbox (3.65002pt too wide) in paragraph at lines 193--193
[][]| 
 []


Overfull \hbox (3.65002pt too wide) in paragraph at lines 193--193
[][]| 
 []


Overfull \hbox (0.91252pt too wide) in paragraph at lines 194--194
[][]| 
 []


Overfull \hbox (3.65002pt too wide) in paragraph at lines 194--194
[][]| 
 []


Overfull \hbox (3.0417pt too wide) in paragraph at lines 194--194
[][]$\OMS/lmsy/m/n/10.95 ^^B$[]| 
 []


Overfull \hbox (0.91252pt too wide) in paragraph at lines 195--195
[][]| 
 []


Overfull \hbox (3.65002pt too wide) in paragraph at lines 195--195
[][]| 
 []


Overfull \hbox (3.65002pt too wide) in paragraph at lines 195--195
[][]| 
 []


Overfull \hbox (0.91252pt too wide) in paragraph at lines 196--196
[][]| 
 []


Overfull \hbox (3.65002pt too wide) in paragraph at lines 196--196
[][]| 
 []


Overfull \hbox (3.65002pt too wide) in paragraph at lines 196--196
[][]| 
 []

[34] [35]) (./3_linear-base/conclusion-ottput.tex [36] [37])) [38] [39]
Chapter 4.
(./4_deriving/deriving-ottput.tex (./4_deriving/intro-ottput.tex

Package natbib Warning: Citation `street1972formal' on page 40 undefined on inp
ut line 8.


Package natbib Warning: Citation `hinze2000new' on page 40 undefined on input l
ine 12.

[40

]

LaTeX Warning: Reference `sec:calculus' on page 41 undefined on input line 58.


LaTeX Warning: Reference `sec:implementation' on page 41 undefined on input lin
e 65.


LaTeX Warning: Reference `sec:linhaskell' on page 41 undefined on input line 67
.


LaTeX Warning: Reference `sec:conclusion' on page 41 undefined on input line 76
.

[41]

Package hyperref Warning: Difference (2) between bookmark levels is greater 
(hyperref)                than one, level fixed on input line 84.

LaTeX Font Info:    Trying to load font information for OT1+lmtt on input line 
91.
(/usr/local/texlive/2023/texmf-dist/tex/latex/lm/ot1lmtt.fd
File: ot1lmtt.fd 2015/05/01 v1.6.1 Font defs for Latin Modern
)
LaTeX Font Info:    External font `lmex10' loaded for size
(Font)              <10> on input line 99.
LaTeX Font Info:    External font `lmex10' loaded for size
(Font)              <7> on input line 99.


LaTeX Warning: Reference `sec:calculus' on page 42 undefined on input line 104.



Overfull \hbox (23.35902pt too wide) in paragraph at lines 121--122
[][][][][][][][][][][][][][][][][][][][][][][][][][][][][][][][][][][][][][][][
][][][][][][][][][][][][][][][][][][][][][][][][][] 
 []

[42{/usr/local/texlive/2023/texmf-dist/fonts/enc/dvips/lm/lm-rmtt.enc}]
Overfull \hbox (55.6309pt too wide) in paragraph at lines 145--146
[][][][][][][][][][][][][][][][][][][][][][][][][][][][][][][][][][][][][][][][
][][][][][][][][][][][][][][][][][][][][][][][][][][][][] 
 []


Overfull \hbox (46.35396pt too wide) in paragraph at lines 157--158
[][][][][][][][][][][][][][][][][][][][][][][][][][][][][][][][][][][][][][][][
][][][][][][][][][][][][][][][][][][][][][][][][] 
 []

[43]

LaTeX Warning: Reference `sec:implementation' on page 44 undefined on input lin
e 195.


Package natbib Warning: Citation `hinze2000new' on page 44 undefined on input l
ine 207.

[44]
Overfull \hbox (91.67459pt too wide) in paragraph at lines 221--222
[][][][][][][][][][][][][][][][][][][][][][][][][][][][][][][][][][][][][][][][
][][][][][][][][][][][][][][][][][][][][][][][][][][][][][][][][][][] 
 []

) (./4_deriving/calculus-ottput.tex

LaTeX Font Warning: Command \small invalid in math mode on input line 39.


LaTeX Font Warning: Command \small invalid in math mode on input line 39.


LaTeX Font Warning: Command \small invalid in math mode on input line 39.


LaTeX Font Warning: Command \small invalid in math mode on input line 39.


LaTeX Font Warning: Command \small invalid in math mode on input line 39.


LaTeX Font Warning: Command \small invalid in math mode on input line 39.


LaTeX Font Warning: Command \small invalid in math mode on input line 39.


LaTeX Font Warning: Command \small invalid in math mode on input line 39.


Overfull \hbox (59.6273pt too wide) detected at line 39
[]
 []

) (./4_deriving/push-pull-ottput.tex [45]
Overfull \hbox (0.70538pt too wide) in paragraph at lines 43--50
[]\OT1/lmr/m/n/12 For types $\OML/lmm/m/it/12 A$ \OT1/lmr/m/n/12 closed with re
-spect to re-cur-sion vari-ables, let $\U/stmry/m/n/12 J\OML/lmm/m/it/12 A\U/st
mry/m/n/12 K[] \OT1/lmr/m/n/12 = \OML/lmm/m/it/12 ^^Uz:\U/stmry/m/n/12 J\OML/lm
m/m/it/12 A\U/stmry/m/n/12 K[] \OML/lmm/m/it/12 z$
 []

LaTeX Font Info:    Trying to load font information for OMS+lmtt on input line 
76.
LaTeX Font Info:    No file OMSlmtt.fd. on input line 76.

LaTeX Font Warning: Font shape `OMS/lmtt/m/n' undefined
(Font)              using `OMS/cmsy/m/n' instead
(Font)              for symbol `textbraceleft' on input line 76.


Overfull \hbox (857.02217pt too wide) detected at line 76
[]
 []

[46] [47]

LaTeX Warning: Reference `sec:conclusion' on page 48 undefined on input line 86
.


Package natbib Warning: Citation `appendix' on page 48 undefined on input line 
88.

) (./4_deriving/implementation-ottput.tex

Package natbib Warning: Citation `eisenberg2016visible' on page 48 undefined on
 input line 11.

[48]
Overfull \hbox (126.83623pt too wide) in paragraph at lines 20--21
[][][][][][][][][][][][][][][][][][][][][][][][][][][][][][][][][][][][][][][][
][][][][][][][][][][][][][][][][][][][][][][][][][][][][][][][][] 
 []


LaTeX Warning: Reference `sec:intro' on page 49 undefined on input line 37.


Overfull \hbox (72.8771pt too wide) in paragraph at lines 44--45
[][][][][][][][][][][][][][][][][][][][][][][][][][][][][][][][][][][][][][][][
][][][][][][][][][][][][][][][][][][][][][][][][][][][][][][][][][] 
 []


LaTeX Warning: Reference `sec:intro' on page 49 undefined on input line 48.

[49]
Overfull \hbox (15.38977pt too wide) in paragraph at lines 73--74
[][][][][][][][][][][][][][][][][][][][][][][][][][][][][][][][][][][][][][][][
][][][][][][][][][][][][][][][][][] 
 []


Overfull \hbox (181.48814pt too wide) in paragraph at lines 83--91
\OT1/lmr/m/n/12 pli-cat-ing it into a pair. The [][][] op-er-a-tion is typed: [
][][][][][][][][][][][][][][][][][][][][][][][][][][][][][][][][][][][][][][][]
[][][][][][][]
 []


Overfull \hbox (44.13344pt too wide) in paragraph at lines 97--98
[][][][][][][][][][][][][][][][][][][][][][][][][][][][][][][][][][][][][][][][
][][][][][][][][][][][][][][][][][][][][][][] 
 []


Overfull \hbox (107.58234pt too wide) in paragraph at lines 98--99
[][][][][][][][][][][][][][][][][][][][][][][][][][][][][][][][][][][][][][][][
][][][][][][][][][][][][][][][][][][][][][][][][][][][][][][][][][][][][][][][]
[][][][][][][][][][][][][][][][][][][][][][][][][][][][][][][][][][] 
 []

[50]
Overfull \hbox (3.8923pt too wide) in paragraph at lines 119--120
[][][][][][][][][][][][][][][][][][][][][][][][][][][][][][][][][][][][][][][][
][][][][][][][][][][][][][][][][] 
 []


Overfull \hbox (123.52083pt too wide) in paragraph at lines 127--128
[][][][][][][][][][][][][][][][][][][][][][][][][][][][][][][][][][][][][][][][
][][][][][][][][][][][][][][][][][][][][][][][][][][][][][][][][][][][][][][][]
[] 
 []


Overfull \hbox (84.37457pt too wide) in paragraph at lines 128--129
[][][][][][][][][][][][][][][][][][][][][][][][][][][][][][][][][][][][][][][][
][][][][][][][][][][][][][][][][][][][][][][][][][][][][][][][][][][] 
 []


Overfull \hbox (118.86697pt too wide) in paragraph at lines 129--130
[][][][][][][][][][][][][][][][][][][][][][][][][][][][][][][][][][][][][][][][
][][][][][][][][][][][][][][][][][][][][][][][][][][][][][][][][][][] 
 []

) (./4_deriving/linear-haskell-ottput.tex

Package natbib Warning: Citation `linear-haskell' on page 51 undefined on input
 line 12.

[51]

Package natbib Warning: Citation `linear-haskell' on page 52 undefined on input
 line 48.


Package natbib Warning: Citation `ghica2014bounded' on page 52 undefined on inp
ut line 50.


Package natbib Warning: Citation `petricek2014coeffects' on page 52 undefined o
n input line 50.


Package natbib Warning: Citation `abel-barnardy-icfp2020' on page 52 undefined 
on input line 52.


Package natbib Warning: Citation `choudhury2021' on page 52 undefined on input 
line 52.

[52]

LaTeX Warning: Reference `sec:intro' on page 53 undefined on input line 76.


Overfull \hbox (103.31021pt too wide) in paragraph at lines 89--94
\OT1/lmr/m/n/12 Interestingly, [][][] could also be im-ple-mented as a func-tio
n of type [][][][][][][][][][][][][][][][][][][][][][][][][][][],
 []

[53]

LaTeX Warning: Reference `sec:intro' on page 54 undefined on input line 129.


Package natbib Warning: Citation `template-haskell' on page 54 undefined on inp
ut line 134.


Underfull \hbox (badness 10000) in paragraph at lines 150--150
[][]\OT1/lmr/m/n/10 Available on-line: []$\OT1/lmtt/m/n/10 https : / / github .
 com / granule-[]project /
 []

[54]

LaTeX Warning: Reference `subsection:properties' on page 55 undefined on input 
line 178.

) (./4_deriving/consumption-ottput.tex

Package natbib Warning: Citation `DBLP:journals/pacmpl/OrchardLE19' on page 55 
undefined on input line 11.


Package natbib Warning: Citation `abel-barnardy-icfp2020' on page 55 undefined 
on input line 12.


Package natbib Warning: Citation `choudhury2021' on page 55 undefined on input 
line 13.


Package natbib Warning: Citation `linear-haskell' on page 55 undefined on input
 line 14.

[55]

LaTeX Warning: Reference `fig:pattern-rules' on page 56 undefined on input line
 20.


Package natbib Warning: Citation `DBLP:journals/pacmpl/OrchardLE19' on page 56 
undefined on input line 44.

[56]

Package natbib Warning: Citation `petricek2014coeffects' on page 57 undefined o
n input line 52.


Package natbib Warning: Citation `linear-haskell' on page 57 undefined on input
 line 53.


LaTeX Warning: Reference `sec:linhaskell' on page 57 undefined on input line 54
.


Package natbib Warning: Citation `abel-barnardy-icfp2020' on page 57 undefined 
on input line 57.


LaTeX Font Warning: Font shape `OT1/lmr/bx/sc' undefined
(Font)              using `OT1/lmr/bx/n' instead on input line 77.


Package natbib Warning: Citation `choudhury2021' on page 57 undefined on input 
line 79.


Overfull \hbox (31.93037pt too wide) detected at line 95
[]
 []


Package natbib Warning: Citation `choudhury2021' on page 57 undefined on input 
line 106.

[57]

Package natbib Warning: Citation `linear-haskell' on page 58 undefined on input
 line 126.


LaTeX Warning: Reference `sec:linhaskell' on page 58 undefined on input line 13
0.


Package natbib Warning: Citation `linear-haskell' on page 58 undefined on input
 line 146.

) [58] (./4_deriving/other-ottput.tex
Overfull \hbox (1999.05212pt too wide) detected at line 42
[]
 []

[59]

Package natbib Warning: Citation `jay1994shapely' on page 60 undefined on input
 line 58.

[60]
Overfull \hbox (3.2162pt too wide) in paragraph at lines 84--89
\OT1/lmr/m/n/12 defined by $\U/stmry/m/n/12 J\OML/lmm/m/it/12 A\U/stmry/m/n/12 
K[] \OT1/lmr/m/n/12 = \OML/lmm/m/it/12 ^^Uz:\U/stmry/m/n/12 J\OML/lmm/m/it/12 A
\U/stmry/m/n/12 K[]\OML/lmm/m/it/12 z$ \OT1/lmr/m/n/12 by an in-ter-me-di-ate d
eriva-tion $\U/stmry/m/n/12 J\OML/lmm/m/it/12 A\U/stmry/m/n/12 K[]$\OT1/lmr/m/n
/12 : 
 []


Overfull \hbox (1436.07831pt too wide) detected at line 111
[]
 []

[61]
Overfull \hbox (9.24161pt too wide) in paragraph at lines 118--124
[]\OT1/lmr/m/n/12 Granule im-ple-ments both these de-rived com-bi-na-tors in a 
sim-i-lar way to \OT1/lmr/m/it/12 push\OT1/lmr/m/n/12 /\OT1/lmr/m/it/12 pull
 []

[62]

LaTeX Warning: Reference `sec:linhaskell' on page 63 undefined on input line 12
7.


Overfull \hbox (2.81604pt too wide) in paragraph at lines 132--142
[]\OT1/lmr/m/n/12 To the best of our knowl-edge, noth-ing com-pa-ra-ble to the 
[][][] and [][][]
 []

[63]) (./4_deriving/conclusion-ottput.tex

Package natbib Warning: Citation `hinze2000new' on page 64 undefined on input l
ine 11.


Package natbib Warning: Citation `generic-deriving' on page 64 undefined on inp
ut line 17.


Package natbib Warning: Citation `template-haskell' on page 64 undefined on inp
ut line 20.


Package natbib Warning: Citation `brookes1993intensional' on page 64 undefined 
on input line 31.


Package natbib Warning: Citation `power2002combining' on page 64 undefined on i
nput line 33.


Package natbib Warning: Citation `uustalu2006essence' on page 64 undefined on i
nput line 35.

[64]

Package natbib Warning: Citation `combining2016' on page 65 undefined on input 
line 39.


Package natbib Warning: Citation `combining2016' on page 65 undefined on input 
line 68.

[65]

Package natbib Warning: Citation `DBLP:conf/lopstr/HughesO20' on page 66 undefi
ned on input line 72.

)) [66]
Chapter 5.
(./5_graded-base/extended-ottput.tex

Package natbib Warning: Citation `petricek2014coeffects' on page 67 undefined o
n input line 4.


Package natbib Warning: Citation `McBride2016' on page 67 undefined on input li
ne 4.


Package natbib Warning: Citation `quantitative-type-theory' on page 67 undefine
d on input line 4.


Package natbib Warning: Citation `DBLP:journals/pacmpl/AbelB20' on page 67 unde
fined on input line 4.


Package natbib Warning: Citation `quantitative-type-theory' on page 67 undefine
d on input line 4.


Package natbib Warning: Citation `DBLP:conf/esop/MoonEO21' on page 67 undefined
 on input line 4.


Package natbib Warning: Citation `DBLP:journals/pacmpl/BernardyBNJS18' on page 
67 undefined on input line 5.


Package natbib Warning: Citation `combining2016' on page 67 undefined on input 
line 7.


Package natbib Warning: Citation `DBLP:conf/esop/BrunelGMZ14' on page 67 undefi
ned on input line 8.


Package natbib Warning: Citation `DBLP:conf/esop/GhicaS14' on page 67 undefined
 on input line 8.


Package natbib Warning: Citation `DBLP:journals/pacmpl/OrchardLE19' on page 67 
undefined on input line 8.


LaTeX Font Warning: Command \small invalid in math mode on input line 28.


LaTeX Font Warning: Command \small invalid in math mode on input line 28.


LaTeX Font Warning: Command \small invalid in math mode on input line 28.


LaTeX Font Warning: Command \small invalid in math mode on input line 28.

[67

]

LaTeX Font Warning: Command \small invalid in math mode on input line 58.


LaTeX Font Warning: Command \small invalid in math mode on input line 58.


LaTeX Font Warning: Command \small invalid in math mode on input line 58.


LaTeX Font Warning: Command \small invalid in math mode on input line 58.

[68]
Overfull \hbox (119.10204pt too wide) detected at line 102
[]
 []

[69] [70]
Overfull \hbox (19.41742pt too wide) detected at line 199
[]
 []


Package natbib Warning: Citation `DBLP:journals/corr/abs-2112-14966' on page 71
 undefined on input line 219.

[71]
LaTeX Font Info:    Trying to load font information for OMS+lmr on input line 2
34.
 (/usr/local/texlive/2023/texmf-dist/tex/latex/lm/omslmr.fd
File: omslmr.fd 2015/05/01 v1.6.1 Font defs for Latin Modern
)
LaTeX Font Info:    Font shape `OMS/lmr/m/n' in size <12> not available
(Font)              Font shape `OMS/lmsy/m/n' tried instead on input line 234.


Package natbib Warning: Citation `DBLP:journals/pacmpl/OrchardLE19' on page 72 
undefined on input line 243.


Package natbib Warning: Citation `DBLP:journals/pacmpl/BernardyBNJS18' on page 
72 undefined on input line 272.

[72]

Package natbib Warning: Citation `hughes:lirmm-03271465' on page 73 undefined o
n input line 280.


Package natbib Warning: Citation `DBLP:journals/pacmpl/AbelB20' on page 73 unde
fined on input line 285.


LaTeX Warning: Reference `sec:overview' on page 73 undefined on input line 302.


[73]
Package hyperref Info: bookmark level for unknown theorem defaults to 0 on inpu
t line 329.


Package natbib Warning: Citation `DBLP:conf/lopstr/HughesO20' on page 74 undefi
ned on input line 356.

[74] [75]

Package natbib Warning: Citation `DBLP:conf/lopstr/HughesO20' on page 76 undefi
ned on input line 424.

[76]
Overfull \hbox (33.33778pt too wide) detected at line 456
[]
 []

[77] [78]
Overfull \hbox (76.42097pt too wide) detected at line 532
[]
 []

[79] [80]
Overfull \hbox (76.29492pt too wide) detected at line 617
[]
 []

[81] [82]

Package natbib Warning: Citation `oserathesis' on page 83 undefined on input li
ne 690.

[83]

Package natbib Warning: Citation `oserathesis' on page 84 undefined on input li
ne 722.

[84] [85] [86]

LaTeX Warning: Reference `sec:evaluation' on page 87 undefined on input line 80
6.


Package natbib Warning: Citation `focusing' on page 87 undefined on input line 
821.


Package natbib Warning: Citation `pfenninglecture' on page 87 undefined on inpu
t line 836.

[87] [88]
Overfull \hbox (1.7421pt too wide) in paragraph at lines 912--913
 [][] 
 []


LaTeX Warning: `h' float specifier changed to `ht'.

[89] [90] [91]) [92] [93]
Chapter 6.
(./6_conclusion/conclusion-ottput.tex) [94

]
No file thesis.bbl.
(./7_appendix/appendix-ottput.tex
Appendix A.

Overfull \hbox (25.52045pt too wide) detected at line 39
[]
 []

[95


]
Overfull \vbox (292.08519pt too high) has occurred while \output is active []


[96]
Overfull \hbox (11.18837pt too wide) detected at line 76
[]
 []

[97]
Overfull \vbox (6.05336pt too high) has occurred while \output is active []


[98]
Overfull \hbox (596.79243pt too wide) detected at line 138
[]
 []

[99] [100]
Overfull \vbox (484.08884pt too high) has occurred while \output is active []


[101]
Overfull \hbox (687.27231pt too wide) detected at line 184
[]
 []

[102]
Overfull \vbox (362.80814pt too high) has occurred while \output is active []


[103]
Overfull \hbox (234.16428pt too wide) detected at line 195
[]
 []

[104]
Appendix B.

Overfull \hbox (9.17871pt too wide) in paragraph at lines 199--199
[]\OT1/lmr/bx/n/17.28 List of linear-base syn-the-sis bench-mark prob-
 []

) (./8_proofs/proofs-ottput.tex [105

] [106] [107]
Underfull \hbox (badness 10000) in paragraph at lines 126--127

 []

[108] [109] [110] [111] [112] [113] [114] [115]
Overfull \hbox (0.28429pt too wide) detected at line 472
[]
 []

[116] [117]
Underfull \hbox (badness 10000) in paragraph at lines 572--573

 []

[118] [119]
Overfull \hbox (21.53667pt too wide) detected at line 661
[]
 []

[120] [121] [122]

LaTeX Warning: Reference `sec:soundness-proofs' on page 123 undefined on input 
line 776.

[123] [124] [125] [126] [127]
Underfull \hbox (badness 10000) in paragraph at lines 937--938

 []

[128] [129]
Overfull \hbox (58.81584pt too wide) detected at line 1013
[]
 []

[130] [131]

LaTeX Warning: Reference `sec:soundness-proofs' on page 132 undefined on input 
line 1058.


Underfull \hbox (badness 10000) in paragraph at lines 1091--1092

 []

[132]

LaTeX Font Warning: Font shape `OMS/lmtt/m/it' undefined
(Font)              using `OMS/lmtt/m/n' instead
(Font)              for symbol `textbraceleft' on input line 1130.


Overfull \hbox (268.20766pt too wide) detected at line 1130
[]
 []


Underfull \hbox (badness 10000) in paragraph at lines 1133--1135

 []

[133]
Overfull \hbox (113.55392pt too wide) detected at line 1139
[]
 []


Overfull \hbox (6.08319pt too wide) detected at line 1153
[]
 []

[134]
Underfull \hbox (badness 10000) in paragraph at lines 1160--1162

 []


Overfull \hbox (254.55133pt too wide) detected at line 1166
[]
 []


Overfull \hbox (642.01682pt too wide) detected at line 1180
[]
 []

[135]
Overfull \hbox (93.1633pt too wide) detected at line 1194
[]
 []


Overfull \hbox (104.23769pt too wide) detected at line 1199
[]
 []

[136]
Overfull \hbox (205.15833pt too wide) detected at line 1214
[]
 []


Overfull \hbox (222.34935pt too wide) detected at line 1228
[]
 []

[137]
Overfull \hbox (9.31065pt too wide) detected at line 1241
[]
 []


Overfull \hbox (67.48325pt too wide) detected at line 1247
[]
 []


Underfull \hbox (badness 10000) in paragraph at lines 1254--1256

 []


Overfull \hbox (118.70828pt too wide) detected at line 1260
[]
 []

[138]
Overfull \hbox (87.12602pt too wide) detected at line 1277
[]
 []


Overfull \hbox (87.12602pt too wide) detected at line 1280
[]
 []

[139]
Overfull \hbox (143.4083pt too wide) detected at line 1314
[]
 []

[140]
Overfull \hbox (12.25818pt too wide) detected at line 1328
[]
 []


Underfull \hbox (badness 10000) in paragraph at lines 1335--1337

 []


Overfull \hbox (521.29135pt too wide) detected at line 1341
[]
 []

[141]
Overfull \hbox (74.543pt too wide) detected at line 1359
[]
 []


Overfull \hbox (0.52243pt too wide) in paragraph at lines 1359--1361
\OT1/lmr/m/n/12 From which, we can con-struct the fol-low-ing in-sta-ti-a-tion 
of the \OT1/lmr/m/sc/12 LinVar$[]$
 []

[142]
Overfull \hbox (171.7459pt too wide) detected at line 1369
[]
 []


Overfull \hbox (48.95123pt too wide) detected at line 1379
[]
 []

[143]
Overfull \hbox (10.49805pt too wide) detected at line 1390
[]
 []


Overfull \hbox (53.72308pt too wide) detected at line 1400
[]
 []

[144]
Overfull \hbox (263.73807pt too wide) detected at line 1424
[]
 []


Underfull \hbox (badness 10000) in paragraph at lines 1427--1429

 []


Overfull \hbox (110.35803pt too wide) detected at line 1433
[]
 []


Overfull \hbox (6.08298pt too wide) detected at line 1447
[]
 []

[145]
Underfull \hbox (badness 10000) in paragraph at lines 1454--1456

 []


Overfull \hbox (298.12613pt too wide) detected at line 1460
[]
 []

[146]
Overfull \hbox (143.40808pt too wide) detected at line 1475
[]
 []


Overfull \hbox (122.89755pt too wide) detected at line 1487
[]
 []


Overfull \hbox (172.16252pt too wide) detected at line 1492
[]
 []

[147]
Overfull \hbox (291.78314pt too wide) detected at line 1507
[]
 []


Overfull \hbox (15.74283pt too wide) detected at line 1517
[]
 []


Overfull \hbox (198.00609pt too wide) detected at line 1522
[]
 []

[148]
Overfull \hbox (67.48303pt too wide) detected at line 1537
[]
 []


Underfull \hbox (badness 10000) in paragraph at lines 1544--1546

 []

[149]
Overfull \hbox (149.58307pt too wide) detected at line 1550
[]
 []


Overfull \hbox (87.12602pt too wide) detected at line 1568
[]
 []


Overfull \hbox (87.12602pt too wide) detected at line 1571
[]
 []

[150]
Overfull \hbox (5.44444pt too wide) detected at line 1594
[]
 []


Overfull \hbox (94.00806pt too wide) detected at line 1605
[]
 []

[151]
Overfull \hbox (12.25797pt too wide) detected at line 1619
[]
 []


Underfull \hbox (badness 10000) in paragraph at lines 1626--1628

 []

[152]
Overfull \hbox (326.13315pt too wide) detected at line 1632
[]
 []


Overfull \hbox (62.53574pt too wide) detected at line 1650
[]
 []


Overfull \hbox (6.7238pt too wide) in paragraph at lines 1650--1652
\OT1/lmr/m/n/12 From which, we can con-struct the fol-low-ing in-stan-ti-a-tion
 of the \OT1/lmr/m/sc/12 LinVar$[]$
 []

[153]
Overfull \hbox (110.35265pt too wide) detected at line 1661
[]
 []


Overfull \hbox (4.98119pt too wide) in paragraph at lines 1661--1663
\OT1/lmr/m/n/12 From which, we can con-struct the fol-low-ing in-stan-ti-a-tion
 of the \OT1/lmr/m/sc/12 GrVar$[]$
 []


Overfull \hbox (48.95102pt too wide) detected at line 1672
[]
 []

[154]
Overfull \hbox (10.49783pt too wide) detected at line 1683
[]
 []


Overfull \hbox (53.72287pt too wide) detected at line 1693
[]
 []

[155]
Overfull \hbox (263.73807pt too wide) detected at line 1717
[]
 []


Underfull \hbox (badness 10000) in paragraph at lines 1720--1721

 []


Underfull \hbox (badness 10000) in paragraph at lines 1721--1722

 []


Underfull \hbox (badness 10000) in paragraph at lines 1722--1724

 []


Overfull \hbox (109.0136pt too wide) detected at line 1728
[]
 []

[156]
Underfull \hbox (badness 10000) in paragraph at lines 1743--1745

 []


Underfull \hbox (badness 10000) in paragraph at lines 1743--1745

 []


Overfull \hbox (279.38866pt too wide) detected at line 1749
[]
 []

[157]
Underfull \hbox (badness 10000) in paragraph at lines 1764--1765

 []


Underfull \hbox (badness 10000) in paragraph at lines 1765--1766

 []

)

Package natbib Warning: There were undefined citations.

[158] (./thesis.aux)

LaTeX Font Warning: Some font shapes were not available, defaults substituted.


LaTeX Warning: There were undefined references.


LaTeX Warning: There were multiply-defined labels.

Package rerunfilecheck Info: File `thesis.out' has not changed.
(rerunfilecheck)             Checksum: AB26073FE85AC841FEA3D344FE0665A6;10403.
 )
(\end occurred inside a group at level 1)

### semi simple group (level 1) entered at line 198 (\begingroup)
### bottom level 
Here is how much of TeX's memory you used:
 40022 strings out of 476025
 793796 string characters out of 5790017
 1915388 words of memory out of 5000000
 58996 multiletter control sequences out of 15000+600000
 661101 words of font info for 132 fonts, out of 8000000 for 9000
 1141 hyphenation exceptions out of 8191
 87i,37n,99p,1657b,27363s stack positions out of 10000i,1000n,20000p,200000b,200000s

pdfTeX warning (dest): name{Hfootnote.6} has been referenced but does not exist
, replaced by a fixed one


pdfTeX warning (dest): name{Hfootnote.5} has been referenced but does not exist
, replaced by a fixed one


pdfTeX warning (dest): name{Hfootnote.4} has been referenced but does not exist
, replaced by a fixed one


pdfTeX warning (dest): name{Hfootnote.3} has been referenced but does not exist
, replaced by a fixed one


pdfTeX warning (dest): name{Hfootnote.2} has been referenced but does not exist
, replaced by a fixed one


pdfTeX warning (dest): name{Hfootnote.1} has been referenced but does not exist
, replaced by a fixed one

</usr/local/texlive/2023/texmf-dist/fonts/type1/public/amsfonts/cm/cmsy10.pfb><
/usr/local/texlive/2023/texmf-dist/fonts/type1/public/amsfonts/cm/cmsy8.pfb></u
sr/local/texlive/2023/texmf-dist/fonts/type1/public/lm/lmbx10.pfb></usr/local/t
exlive/2023/texmf-dist/fonts/type1/public/lm/lmbx12.pfb></usr/local/texlive/202
3/texmf-dist/fonts/type1/public/lm/lmbxi10.pfb></usr/local/texlive/2023/texmf-d
ist/fonts/type1/public/lm/lmcsc10.pfb></usr/local/texlive/2023/texmf-dist/fonts
/type1/public/lm/lmex10.pfb></usr/local/texlive/2023/texmf-dist/fonts/type1/pub
lic/lm/lmmi10.pfb></usr/local/texlive/2023/texmf-dist/fonts/type1/public/lm/lmm
i12.pfb></usr/local/texlive/2023/texmf-dist/fonts/type1/public/lm/lmmi6.pfb></u
sr/local/texlive/2023/texmf-dist/fonts/type1/public/lm/lmmi8.pfb></usr/local/te
xlive/2023/texmf-dist/fonts/type1/public/lm/lmr10.pfb></usr/local/texlive/2023/
texmf-dist/fonts/type1/public/lm/lmr12.pfb></usr/local/texlive/2023/texmf-dist/
fonts/type1/public/lm/lmr17.pfb></usr/local/texlive/2023/texmf-dist/fonts/type1
/public/lm/lmr6.pfb></usr/local/texlive/2023/texmf-dist/fonts/type1/public/lm/l
mr7.pfb></usr/local/texlive/2023/texmf-dist/fonts/type1/public/lm/lmr8.pfb></us
r/local/texlive/2023/texmf-dist/fonts/type1/public/lm/lmri10.pfb></usr/local/te
xlive/2023/texmf-dist/fonts/type1/public/lm/lmri12.pfb></usr/local/texlive/2023
/texmf-dist/fonts/type1/public/lm/lmri7.pfb></usr/local/texlive/2023/texmf-dist
/fonts/type1/public/lm/lmri8.pfb></usr/local/texlive/2023/texmf-dist/fonts/type
1/public/lm/lmro12.pfb></usr/local/texlive/2023/texmf-dist/fonts/type1/public/l
m/lmss10.pfb></usr/local/texlive/2023/texmf-dist/fonts/type1/public/lm/lmss12.p
fb></usr/local/texlive/2023/texmf-dist/fonts/type1/public/lm/lmss8.pfb></usr/lo
cal/texlive/2023/texmf-dist/fonts/type1/public/lm/lmsy10.pfb></usr/local/texliv
e/2023/texmf-dist/fonts/type1/public/lm/lmsy6.pfb></usr/local/texlive/2023/texm
f-dist/fonts/type1/public/lm/lmsy8.pfb></usr/local/texlive/2023/texmf-dist/font
s/type1/public/lm/lmtt10.pfb></usr/local/texlive/2023/texmf-dist/fonts/type1/pu
blic/lm/lmtt12.pfb></usr/local/texlive/2023/texmf-dist/fonts/type1/public/lm/lm
tt8.pfb></usr/local/texlive/2023/texmf-dist/fonts/type1/public/lm/lmtti10.pfb><
/usr/local/texlive/2023/texmf-dist/fonts/type1/public/amsfonts/symbols/msam10.p
fb></usr/local/texlive/2023/texmf-dist/fonts/type1/public/amsfonts/symbols/msbm
10.pfb></usr/local/texlive/2023/texmf-dist/fonts/type1/public/stmaryrd/stmary10
.pfb>
Output written on thesis.pdf (167 pages, 962174 bytes).
PDF statistics:
 1901 PDF objects out of 2073 (max. 8388607)
 1603 compressed objects within 17 object streams
 645 named destinations out of 1000 (max. 500000)
 597 words of extra memory for PDF output out of 10000 (max. 10000000)

